[31mCould not locate Gemfile[0m
HEY
HEY
/Users/jake/code/gerrit_magic_button/lib/shutdown.rb:1:in `require_relative': cannot load such file -- /Users/jake/code/gerrit_magic_button/lib/ec2_validator (LoadError)
	from /Users/jake/code/gerrit_magic_button/lib/shutdown.rb:1:in `<main>'
/Users/jake/.rbenv/versions/1.9.3-p286/lib/ruby/1.9.1/rubygems/custom_require.rb:36:in `require': cannot load such file -- ./validator (LoadError)
	from /Users/jake/.rbenv/versions/1.9.3-p286/lib/ruby/1.9.1/rubygems/custom_require.rb:36:in `require'
	from /Users/jake/code/gerrit_magic_button/lib/shutdown.rb:1:in `<main>'
/Users/jake/.rbenv/versions/1.9.3-p286/lib/ruby/1.9.1/rubygems/custom_require.rb:36:in `require': cannot load such file -- ./validator (LoadError)
	from /Users/jake/.rbenv/versions/1.9.3-p286/lib/ruby/1.9.1/rubygems/custom_require.rb:36:in `require'
	from /Users/jake/code/gerrit_magic_button/lib/shutdown.rb:1:in `<main>'
/Users/jake/.rbenv/versions/1.9.3-p286/lib/ruby/1.9.1/rubygems/custom_require.rb:36:in `require': cannot load such file -- ./validator (LoadError)
	from /Users/jake/.rbenv/versions/1.9.3-p286/lib/ruby/1.9.1/rubygems/custom_require.rb:36:in `require'
	from /Users/jake/code/gerrit_magic_button/lib/shutdown.rb:1:in `<main>'
/Users/jake/.rbenv/versions/1.9.3-p286/lib/ruby/1.9.1/rubygems/custom_require.rb:36:in `require': cannot load such file -- validator (LoadError)
	from /Users/jake/.rbenv/versions/1.9.3-p286/lib/ruby/1.9.1/rubygems/custom_require.rb:36:in `require'
	from /Users/jake/code/gerrit_magic_button/lib/shutdown.rb:1:in `<main>'
/Users/jake/.rbenv/versions/1.9.3-p286/lib/ruby/1.9.1/rubygems/custom_require.rb:36:in `require': cannot load such file -- validator (LoadError)
	from /Users/jake/.rbenv/versions/1.9.3-p286/lib/ruby/1.9.1/rubygems/custom_require.rb:36:in `require'
	from /Users/jake/code/gerrit_magic_button/lib/shutdown.rb:1:in `<main>'
#<MagicData:0x007f94ca3238e8>
#<MagicData:0x007f94ca47e6c0>
#<MagicData:0x007f94ca47c960>
#<MagicData:0x007f94ca3238e8>
#<MagicData:0x007f94ca47e6c0>
#<MagicData:0x007f94ca47c960>
#<MagicData:0x007f96f4a84728>
#<MagicData:0x007f96f4bee5a0>
#<MagicData:0x007f96f4bec7a0>
#<MagicData:0x007f96f4a84728>
#<MagicData:0x007f96f4bee5a0>
#<MagicData:0x007f96f4bec7a0>
/Users/jake/code/gerrit_magic_button/lib/validator.rb:27:in `block (2 levels) in determine_instance_shutdown': undefined local variable or method `durdation' for Validator::EC2:Module (NameError)
	from /Users/jake/code/gerrit_magic_button/lib/validator.rb:25:in `each'
	from /Users/jake/code/gerrit_magic_button/lib/validator.rb:25:in `block in determine_instance_shutdown'
	from /Users/jake/code/gerrit_magic_button/lib/validator.rb:18:in `chdir'
	from /Users/jake/code/gerrit_magic_button/lib/validator.rb:18:in `determine_instance_shutdown'
	from /Users/jake/code/gerrit_magic_button/lib/shutdown.rb:2:in `<main>'
2013-05-03 14:37:45 -0600
2013-05-03 14:37:45 -0600
2013-05-03 14:37:55 -0600
2013-05-03 14:39:23 -0600
2013-05-03 14:39:33 -0600
2013-05-03 15:41:58 -0600
2013-05-03 15:42:08 -0600
#<MagicData:0x007f9d24b26420>
#<MagicData:0x007f9d24c81400>
#<MagicData:0x007f9d24c7f5b0>
2013-05-03 14:37:45 -0600
2013-05-03 14:37:55 -0600
2013-05-03 14:39:23 -0600
2013-05-03 14:39:33 -0600
2013-05-03 15:41:58 -0600
2013-05-03 15:42:08 -0600
#<MagicData:0x007fbf54b2a190>
#<MagicData:0x007fbf54c855a8>
#<MagicData:0x007fbf54c83578>
2013-05-03 14:37:45 -0600
2013-05-03 14:37:55 -0600
2013-05-03 14:39:23 -0600
2013-05-03 14:39:33 -0600
2013-05-03 15:41:58 -0600
2013-05-03 15:42:08 -0600
#<MagicData:0x007fa27932a190>
#<MagicData:0x007fa2794855a8>
#<MagicData:0x007fa2794835a0>
2013-05-03 14:37:45 -0600
2013-05-03 14:47:45 -0600
2013-05-03 14:39:23 -0600
2013-05-03 14:49:23 -0600
2013-05-03 15:41:58 -0600
2013-05-03 15:51:58 -0600
#<MagicData:0x007ffe62287428>
#<MagicData:0x007ffe623f1de0>
#<MagicData:0x007ffe623eff40>
2013-05-03 14:37:45 -0600
2013-05-03 14:47:45 -0600
2013-05-03 14:39:23 -0600
2013-05-03 14:49:23 -0600
2013-05-03 15:41:58 -0600
2013-05-03 15:51:58 -0600
#<MagicData:0x007fc29c2852d8>
#<MagicData:0x007fc29c3ef970>
#<MagicData:0x007fc29c3edc88>
2013-05-03 14:47:45 -0600
2013-05-03 14:49:23 -0600
2013-05-03 15:51:58 -0600
#<MagicData:0x007fcca33c5ab0>
#<MagicData:0x007fcca347fde8>
#<MagicData:0x007fcca347df48>
/Users/jake/code/gerrit_magic_button/lib/validator.rb:26:in `block (2 levels) in determine_instance_shutdown': undefined method `+' for nil:NilClass (NoMethodError)
	from /Users/jake/code/gerrit_magic_button/lib/validator.rb:25:in `each'
	from /Users/jake/code/gerrit_magic_button/lib/validator.rb:25:in `block in determine_instance_shutdown'
	from /Users/jake/code/gerrit_magic_button/lib/validator.rb:18:in `chdir'
	from /Users/jake/code/gerrit_magic_button/lib/validator.rb:18:in `determine_instance_shutdown'
	from /Users/jake/code/gerrit_magic_button/lib/shutdown.rb:2:in `<main>'
2013-05-03 14:52:20 -0600
2013-05-03 15:55:22 -0600
#<MagicData:0x007fe2c4a864a8>
#<MagicData:0x007fe2c4be9890>
#<MagicData:0x007fe2c4bef7e0>
2013-05-03 14:52:20 -0600
2013-05-03 15:55:22 -0600
#<MagicData:0x007fb953aeaa10>
#<MagicData:0x007fb953c4ed20>
#<MagicData:0x007fb953c54c70>
/Users/jake/code/gerrit_magic_button/lib/validator.rb:28:in `block (2 levels) in determine_instance_shutdown': undefined method `>' for nil:NilClass (NoMethodError)
	from /Users/jake/code/gerrit_magic_button/lib/validator.rb:25:in `each'
	from /Users/jake/code/gerrit_magic_button/lib/validator.rb:25:in `block in determine_instance_shutdown'
	from /Users/jake/code/gerrit_magic_button/lib/validator.rb:18:in `chdir'
	from /Users/jake/code/gerrit_magic_button/lib/validator.rb:18:in `determine_instance_shutdown'
	from /Users/jake/code/gerrit_magic_button/lib/shutdown.rb:2:in `<main>'
TIMENOW = 2013-05-04 16:13:01 -0600
/Users/jake/code/gerrit_magic_button/lib/validator.rb:28:in `block (2 levels) in determine_instance_shutdown': undefined method `>' for nil:NilClass (NoMethodError)
	from /Users/jake/code/gerrit_magic_button/lib/validator.rb:25:in `each'
	from /Users/jake/code/gerrit_magic_button/lib/validator.rb:25:in `block in determine_instance_shutdown'
	from /Users/jake/code/gerrit_magic_button/lib/validator.rb:18:in `chdir'
	from /Users/jake/code/gerrit_magic_button/lib/validator.rb:18:in `determine_instance_shutdown'
	from /Users/jake/code/gerrit_magic_button/lib/shutdown.rb:2:in `<main>'
TIMENOW = 2013-05-04 16:14:02 -0600
/Users/jake/code/gerrit_magic_button/lib/validator.rb:29:in `block (2 levels) in determine_instance_shutdown': undefined method `>' for nil:NilClass (NoMethodError)
	from /Users/jake/code/gerrit_magic_button/lib/validator.rb:25:in `each'
	from /Users/jake/code/gerrit_magic_button/lib/validator.rb:25:in `block in determine_instance_shutdown'
	from /Users/jake/code/gerrit_magic_button/lib/validator.rb:18:in `chdir'
	from /Users/jake/code/gerrit_magic_button/lib/validator.rb:18:in `determine_instance_shutdown'
	from /Users/jake/code/gerrit_magic_button/lib/shutdown.rb:2:in `<main>'
TIMENOW = 2013-05-04 16:15:02 -0600
SHUTDOWNTIME: 
/Users/jake/code/gerrit_magic_button/lib/validator.rb:29:in `block (2 levels) in determine_instance_shutdown': undefined method `>' for nil:NilClass (NoMethodError)
	from /Users/jake/code/gerrit_magic_button/lib/validator.rb:25:in `each'
	from /Users/jake/code/gerrit_magic_button/lib/validator.rb:25:in `block in determine_instance_shutdown'
	from /Users/jake/code/gerrit_magic_button/lib/validator.rb:18:in `chdir'
	from /Users/jake/code/gerrit_magic_button/lib/validator.rb:18:in `determine_instance_shutdown'
	from /Users/jake/code/gerrit_magic_button/lib/shutdown.rb:2:in `<main>'
TIMENOW = 2013-05-04 16:16:01 -0600
SHUTDOWNTIME: 
TIMENOW = 2013-05-04 16:17:02 -0600
TIMENOW = 2013-05-04 16:17:02 -0600
TIMENOW = 2013-05-04 16:17:02 -0600
#<MagicData:0x007fbee5a6a530>
#<MagicData:0x007fbee5beafe0>
#<MagicData:0x007fbee5be9d70>
TIMENOW = 2013-05-04 16:18:02 -0600
TIMENOW = 2013-05-04 16:18:02 -0600
shut this shit down
TIMENOW = 2013-05-04 16:18:02 -0600
shut this shit down
#<MagicData:0x007fe83db39138>
#<MagicData:0x007fe83dbefb40>
#<MagicData:0x007fe83dbee830>
TIMENOW = 2013-05-04 16:19:01 -0600
TIMENOW = 2013-05-04 16:19:01 -0600
shut this shit down
TIMENOW = 2013-05-04 16:19:01 -0600
shut this shit down
TIMENOW = 2013-05-04 16:19:01 -0600
#<MagicData:0x007f830a3c54a8>
#<MagicData:0x007f830a47bde8>
#<MagicData:0x007f830a47a010>
#<MagicData:0x007f830a4789b8>
TIMENOW = 2013-05-04 16:20:02 -0600
TIMENOW = 2013-05-04 16:20:02 -0600
shut this shit down
TIMENOW = 2013-05-04 16:20:02 -0600
shut this shit down
TIMENOW = 2013-05-04 16:20:02 -0600
#<MagicData:0x007ff8ac98b5f0>
#<MagicData:0x007ff8acae6210>
#<MagicData:0x007ff8acae4c30>
#<MagicData:0x007ff8acae3308>
shut this shit down
shut this shit down
#<MagicData:0x007f898ca50d80>
#<MagicData:0x007f898cae43f0>
#<MagicData:0x007f898cae2050>
#<MagicData:0x007f898cae0f20>
shut this shit down
shut this shit down
#<MagicData:0x007ffd1d0c0040>
#<MagicData:0x007ffd1d146028>
#<MagicData:0x007ffd1d145448>
#<MagicData:0x007ffd1d14c130>
#<MagicData:0x007ffd1d14b6b8>
shut this shit down
shut this shit down
#<MagicData:0x007fff3da7cb20>
#<MagicData:0x007fff3dbe0390>
#<MagicData:0x007fff3dbdef90>
#<MagicData:0x007fff3dbe61f0>
#<MagicData:0x007fff3dbe5958>
#<MagicData:0x007fff3dbe4be8>
shut this shit down
shut this shit down
#<MagicData:0x007faad3b06ca8>
#<MagicData:0x007faad3b98888>
#<MagicData:0x007faad3b9f4f8>
#<MagicData:0x007faad3b9eb98>
#<MagicData:0x007faad3b9e030>
#<MagicData:0x007faad3b9d608>
#<MagicData:0x007faad3b9c988>
shut this shit down
shut this shit down
#<MagicData:0x007fa9242872e0>
#<MagicData:0x007fa9243ea880>
#<MagicData:0x007fa9243f1540>
#<MagicData:0x007fa9243f0ac8>
#<MagicData:0x007fa9243f0050>
#<MagicData:0x007fa9243ef5d8>
#<MagicData:0x007fa9243ee1d8>
shut this shit down
shut this shit down
#<MagicData:0x007fc221bc7448>
#<MagicData:0x007fc221c58e20>
#<MagicData:0x007fc221c5fbf8>
#<MagicData:0x007fc221c5f158>
#<MagicData:0x007fc221c5e5a0>
#<MagicData:0x007fc221c5dad8>
#<MagicData:0x007fc221c5cac0>
shut this shit down
shut this shit down
#<MagicData:0x007fd61426a718>
#<MagicData:0x007fd6143e9c60>
#<MagicData:0x007fd6143f0920>
#<MagicData:0x007fd6143efea8>
#<MagicData:0x007fd6143ef408>
#<MagicData:0x007fd6143ee990>
#<MagicData:0x007fd6143ed4f0>
shut this shit down
shut this shit down
#<MagicData:0x007f84aa2853f8>
#<MagicData:0x007f84aa3ebc10>
#<MagicData:0x007f84aa3f28a8>
#<MagicData:0x007f84aa3f1f20>
#<MagicData:0x007f84aa3f13e0>
#<MagicData:0x007f84aa3f09e0>
#<MagicData:0x007f84aa3efc48>
shut this shit down
shut this shit down
#<MagicData:0x007fde93286e90>
#<MagicData:0x007fde933ea9f8>
#<MagicData:0x007fde933f17f8>
#<MagicData:0x007fde933f0d58>
#<MagicData:0x007fde933f01a0>
#<MagicData:0x007fde933ef6b0>
#<MagicData:0x007fde933ee6c0>
shut this shit down
shut this shit down
#<MagicData:0x007fbc1426b380>
#<MagicData:0x007fbc143e9090>
#<MagicData:0x007fbc143effa8>
#<MagicData:0x007fbc143ef710>
#<MagicData:0x007fbc143ee928>
#<MagicData:0x007fbc143edeb0>
#<MagicData:0x007fbc143ecb78>
/Users/jake/code/gerrit_magic_button/lib/validator.rb:29:in `block (2 levels) in determine_instance_shutdown': undefined method `elseif' for Validator::EC2:Module (NoMethodError)
	from /Users/jake/code/gerrit_magic_button/lib/validator.rb:26:in `each'
	from /Users/jake/code/gerrit_magic_button/lib/validator.rb:26:in `block in determine_instance_shutdown'
	from /Users/jake/code/gerrit_magic_button/lib/validator.rb:19:in `chdir'
	from /Users/jake/code/gerrit_magic_button/lib/validator.rb:19:in `determine_instance_shutdown'
	from /Users/jake/code/gerrit_magic_button/lib/shutdown.rb:2:in `<main>'
shut this shit down
shut this shit down
shut this shit down
shut this shit down it has been way too long
#<MagicData:0x007fa3213fbd28>
#<MagicData:0x007fa3214a5dc8>
#<MagicData:0x007fa3214a5508>
#<MagicData:0x007fa3214ac830>
#<MagicData:0x007fa3214abf20>
#<MagicData:0x007fa3214ab5c0>
#<MagicData:0x007fa3214aa8f0>
shut this shit down
shut this shit down
shut this shit down it has been way too long
#<MagicData:0x007fd293392390>
#<MagicData:0x007fd2934eaf08>
#<MagicData:0x007fd2934f1998>
#<MagicData:0x007fd2934f0bb0>
#<MagicData:0x007fd2934efff8>
#<MagicData:0x007fd2934ef2b0>
#<MagicData:0x007fd2934ee0b8>
shut this shit down
shut this shit down
shut this shit down it has been way too long
#<MagicData:0x007fe9f12f05e8>
#<MagicData:0x007fe9f1457b98>
#<MagicData:0x007fe9f145e448>
#<MagicData:0x007fe9f145d958>
#<MagicData:0x007fe9f145ca58>
#<MagicData:0x007fe9f145c080>
#<MagicData:0x007fe9f145b068>
shut this shit down
shut this shit down
shut this shit down it has been way too long
#<MagicData:0x007f99a52874b8>
#<MagicData:0x007f99a53eed88>
#<MagicData:0x007f99a53f56b0>
#<MagicData:0x007f99a53f4bc0>
#<MagicData:0x007f99a53f3c98>
#<MagicData:0x007f99a53f3298>
#<MagicData:0x007f99a53fa278>
shut this shit down it has been way too long
Client.InvalidInstanceID.NotFound: The instance ID 'i-e2bc0489' does not exist

shut this shit down
Client.InvalidInstanceID.NotFound: The instance ID 'i-02c3886c' does not exist

shut this shit down
Client.InvalidInstanceID.NotFound: The instance ID 'i-c7d256a7' does not exist

shut this shit down it has been way too long
INSTANCE	i-08aedd69	running	stopping
shut this shit down it has been way too long
INSTANCE	i-a0c306c5	running	stopping
shut this shit down it has been way too long
INSTANCE	i-7e6a3c10	running	stopping
shut this shit down it has been way too long
INSTANCE	i-ec895084	running	stopping
#<MagicData:0x007feaaab282d8>
#<MagicData:0x007feaaac7c0a8>
#<MagicData:0x007feaaac82ef8>
#<MagicData:0x007feaaac81eb8>
#<MagicData:0x007feaaac81058>
#<MagicData:0x007feaaac80568>
#<MagicData:0x007feaaac7faf0>
#<MagicData:0x007f9714336438>
#<MagicData:0x007f97143eacf8>
#<MagicData:0x007f97143f1918>
#<MagicData:0x007f97143f0a40>
#<MagicData:0x007f97143efcf8>
#<MagicData:0x007f97143ef140>
#<MagicData:0x007f97143ee4c0>
#<MagicData:0x007fab832860c8>
#<MagicData:0x007fab833eda38>
#<MagicData:0x007fab833f48d8>
#<MagicData:0x007fab833f37f8>
#<MagicData:0x007fab833f29c0>
#<MagicData:0x007fab833f1ed0>
#<MagicData:0x007fab833f12f0>
#<MagicData:0x007ff13c285f98>
#<MagicData:0x007ff13c3ee7b8>
#<MagicData:0x007ff13c3f5540>
#<MagicData:0x007ff13c3f4578>
#<MagicData:0x007ff13c3f3740>
#<MagicData:0x007ff13c3f2c50>
#<MagicData:0x007ff13c3f2070>
#<MagicData:0x007fade1a85f98>
#<MagicData:0x007fade1bee7b8>
#<MagicData:0x007fade1bf5540>
#<MagicData:0x007fade1bf4578>
#<MagicData:0x007fade1bf3740>
#<MagicData:0x007fade1bf2c50>
#<MagicData:0x007fade1bf2070>
#<MagicData:0x007fdb79a850f0>
#<MagicData:0x007fdb79bec920>
#<MagicData:0x007fdb79bf3658>
#<MagicData:0x007fdb79bf24d8>
#<MagicData:0x007fdb79bf1768>
#<MagicData:0x007fdb79bf0bd8>
#<MagicData:0x007fdb79bf7eb0>
#<MagicData:0x007fd798af0ad8>
#<MagicData:0x007fd798c58380>
#<MagicData:0x007fd798c5f158>
#<MagicData:0x007fd798c5e0f0>
#<MagicData:0x007fd798c5d2b8>
#<MagicData:0x007fd798c5c7c8>
#<MagicData:0x007fd798c5bcb0>
/Users/jake/code/gerrit_magic_button/lib/validator.rb:33:in `block (2 levels) in determine_instance_shutdown': undefined method `started' for Time:Class (NoMethodError)
	from /Users/jake/code/gerrit_magic_button/lib/validator.rb:26:in `each'
	from /Users/jake/code/gerrit_magic_button/lib/validator.rb:26:in `block in determine_instance_shutdown'
	from /Users/jake/code/gerrit_magic_button/lib/validator.rb:19:in `chdir'
	from /Users/jake/code/gerrit_magic_button/lib/validator.rb:19:in `determine_instance_shutdown'
	from /Users/jake/code/gerrit_magic_button/lib/shutdown.rb:2:in `<main>'
/Users/jake/code/gerrit_magic_button/lib/validator.rb:33:in `block (2 levels) in determine_instance_shutdown': undefined method `started' for Time:Class (NoMethodError)
	from /Users/jake/code/gerrit_magic_button/lib/validator.rb:26:in `each'
	from /Users/jake/code/gerrit_magic_button/lib/validator.rb:26:in `block in determine_instance_shutdown'
	from /Users/jake/code/gerrit_magic_button/lib/validator.rb:19:in `chdir'
	from /Users/jake/code/gerrit_magic_button/lib/validator.rb:19:in `determine_instance_shutdown'
	from /Users/jake/code/gerrit_magic_button/lib/shutdown.rb:2:in `<main>'
/Users/jake/code/gerrit_magic_button/lib/validator.rb:33:in `block (2 levels) in determine_instance_shutdown': undefined method `started' for Time:Class (NoMethodError)
	from /Users/jake/code/gerrit_magic_button/lib/validator.rb:26:in `each'
	from /Users/jake/code/gerrit_magic_button/lib/validator.rb:26:in `block in determine_instance_shutdown'
	from /Users/jake/code/gerrit_magic_button/lib/validator.rb:19:in `chdir'
	from /Users/jake/code/gerrit_magic_button/lib/validator.rb:19:in `determine_instance_shutdown'
	from /Users/jake/code/gerrit_magic_button/lib/shutdown.rb:2:in `<main>'
#<MagicData:0x007fa9da285bc8>
#<MagicData:0x007fa9da3ed600>
#<MagicData:0x007fa9da3f3ff0>
#<MagicData:0x007fa9da3f3208>
#<MagicData:0x007fa9da3f2268>
#<MagicData:0x007fa9da3f1a98>
#<MagicData:0x007fa9da3f8d48>
#<MagicData:0x007fa9da3f8460>
#<MagicData:0x007f98dc285bc8>
#<MagicData:0x007f98dc3ed600>
#<MagicData:0x007f98dc3f3ff0>
#<MagicData:0x007f98dc3f3208>
#<MagicData:0x007f98dc3f2268>
#<MagicData:0x007f98dc3f1a98>
#<MagicData:0x007f98dc3f8d48>
#<MagicData:0x007f98dc3f8460>
#<MagicData:0x007fa46b335f38>
#<MagicData:0x007fa46b3ea578>
#<MagicData:0x007fa46b3f0f90>
#<MagicData:0x007fa46b3f0450>
#<MagicData:0x007fa46b3ef4d8>
#<MagicData:0x007fa46b3eecb8>
#<MagicData:0x007fa46b3f5f40>
#<MagicData:0x007fa46b3f56d0>
#<MagicData:0x007fe61cb35f38>
#<MagicData:0x007fe61cbea578>
#<MagicData:0x007fe61cbf0f90>
#<MagicData:0x007fe61cbf0478>
#<MagicData:0x007fe61cbef4d8>
#<MagicData:0x007fe61cbeecb8>
#<MagicData:0x007fe61cbf5f40>
#<MagicData:0x007fe61cbf56d0>
shut this shit down it has been way too long
Client.InvalidInstanceID.NotFound: The instance ID 'i-e2bc0489' does not exist

#<MagicData:0x007fb19c036948>
#<MagicData:0x007fb19c1c45d0>
#<MagicData:0x007fb19c1cb060>
#<MagicData:0x007fb19c1ca318>
#<MagicData:0x007fb19c1c9378>
#<MagicData:0x007fb19c1c8c20>
#<MagicData:0x007fb19c1cfe08>
#<MagicData:0x007fb19c1cf548>
#<MagicData:0x007febf22f19b8>
#<MagicData:0x007febf2458b58>
#<MagicData:0x007febf245f5c0>
#<MagicData:0x007febf245e968>
#<MagicData:0x007febf245d9c8>
#<MagicData:0x007febf245d1d0>
#<MagicData:0x007febf2464408>
#<MagicData:0x007febf2463b70>
#<MagicData:0x007fac6a3a1718>
#<MagicData:0x007fac6a455d08>
#<MagicData:0x007fac6a45c860>
#<MagicData:0x007fac6a45bc58>
#<MagicData:0x007fac6a45ace0>
#<MagicData:0x007fac6a45a4c0>
#<MagicData:0x007fac6a461798>
#<MagicData:0x007fac6a460ed8>
#<MagicData:0x007fe3d5011e20>
#<MagicData:0x007fe3d50ae9a0>
#<MagicData:0x007fe3d50b5390>
#<MagicData:0x007fe3d50b4698>
#<MagicData:0x007fe3d50b36f8>
#<MagicData:0x007fe3d50b2f28>
#<MagicData:0x007fe3d50ba1b0>
#<MagicData:0x007fe3d50b98f0>
#<MagicData:0x007fedec286c48>
#<MagicData:0x007fedec3ed7d0>
#<MagicData:0x007fedec3f41c0>
#<MagicData:0x007fedec3f3568>
#<MagicData:0x007fedec3f25c8>
#<MagicData:0x007fedec3f1dd0>
#<MagicData:0x007fedec3f8fe0>
#<MagicData:0x007fedec3f8748>
#<MagicData:0x007ff1512f19b8>
#<MagicData:0x007ff151458b58>
#<MagicData:0x007ff15145f5c0>
#<MagicData:0x007ff15145e968>
#<MagicData:0x007ff15145d9c8>
#<MagicData:0x007ff15145d1d0>
#<MagicData:0x007ff151464408>
#<MagicData:0x007ff151463b70>
#<MagicData:0x007ff4d9a85f68>
#<MagicData:0x007ff4d9bed838>
#<MagicData:0x007ff4d9bf42c8>
#<MagicData:0x007ff4d9bf3468>
#<MagicData:0x007ff4d9bf24a0>
#<MagicData:0x007ff4d9bf1cd0>
#<MagicData:0x007ff4d9bf8f30>
#<MagicData:0x007ff4d9bf8648>
#<MagicData:0x007fe5743a13b0>
#<MagicData:0x007fe574455e78>
#<MagicData:0x007fe57445c7a0>
#<MagicData:0x007fe57445bb70>
#<MagicData:0x007fe57445aba8>
#<MagicData:0x007fe57445a3b0>
#<MagicData:0x007fe574461610>
#<MagicData:0x007fe574460d78>
#<MagicData:0x007fbd53286168>
#<MagicData:0x007fbd533eeaf0>
#<MagicData:0x007fbd533f5508>
#<MagicData:0x007fbd533f4590>
#<MagicData:0x007fbd533f3708>
#<MagicData:0x007fbd533f2df8>
#<MagicData:0x007fbd533f9f90>
#<MagicData:0x007fbd533f96d0>
#<MagicData:0x007ff6fd285770>
#<MagicData:0x007ff6fd3ed1a8>
#<MagicData:0x007ff6fd3f3bc0>
#<MagicData:0x007ff6fd3f2ec8>
#<MagicData:0x007ff6fd3f1f28>
#<MagicData:0x007ff6fd3f1758>
#<MagicData:0x007ff6fd3f89b8>
#<MagicData:0x007ff6fd3f80f8>
#<MagicData:0x007ff03a327260>
#<MagicData:0x007ff03a47f5b8>
#<MagicData:0x007ff03a486020>
#<MagicData:0x007ff03a4853c8>
#<MagicData:0x007ff03a484428>
#<MagicData:0x007ff03a483c30>
#<MagicData:0x007ff03a48ae68>
#<MagicData:0x007ff03a48a5f8>
#<MagicData:0x007fa9e12f07c8>
#<MagicData:0x007fa9e14584a8>
#<MagicData:0x007fa9e145ee70>
#<MagicData:0x007fa9e145e128>
#<MagicData:0x007fa9e145d188>
#<MagicData:0x007fa9e145c9b8>
#<MagicData:0x007fa9e1463c18>
#<MagicData:0x007fa9e1463358>
#<MagicData:0x007f8243a84888>
#<MagicData:0x007f8243bec338>
#<MagicData:0x007f8243bf2d78>
#<MagicData:0x007f8243bf1e28>
#<MagicData:0x007f8243bf0f78>
#<MagicData:0x007f8243bf0708>
#<MagicData:0x007f8243bf77d8>
#<MagicData:0x007f8243bf6f18>
#<MagicData:0x007fa8b5285450>
#<MagicData:0x007fa8b53ed1f8>
#<MagicData:0x007fa8b53f3b98>
#<MagicData:0x007fa8b53f2ea0>
#<MagicData:0x007fa8b53f1ed8>
#<MagicData:0x007fa8b53f1708>
#<MagicData:0x007fa8b53f8990>
#<MagicData:0x007fa8b53f80d0>
#<MagicData:0x007fb7b13a1400>
#<MagicData:0x007fb7b1455e78>
#<MagicData:0x007fb7b145c7a0>
#<MagicData:0x007fb7b145bb48>
#<MagicData:0x007fb7b145aba8>
#<MagicData:0x007fb7b145a3b0>
#<MagicData:0x007fb7b1461610>
#<MagicData:0x007fb7b1460d78>
#<MagicData:0x007fcd8aa86218>
#<MagicData:0x007fcd8abee088>
#<MagicData:0x007fcd8abf4af0>
#<MagicData:0x007fcd8abf3f10>
#<MagicData:0x007fcd8abf2f70>
#<MagicData:0x007fcd8abf2778>
#<MagicData:0x007fcd8abf9a28>
#<MagicData:0x007fcd8abf9168>
#<MagicData:0x007fd1b4287200>
#<MagicData:0x007fd1b43edae0>
#<MagicData:0x007fd1b43f44d0>
#<MagicData:0x007fd1b43f3760>
#<MagicData:0x007fd1b43f27c0>
#<MagicData:0x007fd1b43f2068>
#<MagicData:0x007fd1b43f9228>
#<MagicData:0x007fd1b43f8968>
#<MagicData:0x007fa2e3164760>
#<MagicData:0x007fa2e31e7098>
#<MagicData:0x007fa2e31eda88>
#<MagicData:0x007fa2e31ecd40>
#<MagicData:0x007fa2e31ebda0>
#<MagicData:0x007fa2e31eb5d0>
#<MagicData:0x007fa2e31f2808>
#<MagicData:0x007fa2e31f1f48>
#<MagicData:0x007ffc09a87070>
#<MagicData:0x007ffc09bedae0>
#<MagicData:0x007ffc09bf44d0>
#<MagicData:0x007ffc09bf3760>
#<MagicData:0x007ffc09bf27c0>
#<MagicData:0x007ffc09bf2068>
#<MagicData:0x007ffc09bf9228>
#<MagicData:0x007ffc09bf8968>
#<MagicData:0x007ff4bd015bf8>
#<MagicData:0x007ff4bd0b4708>
#<MagicData:0x007ff4bd0bb0a8>
#<MagicData:0x007ff4bd0ba450>
#<MagicData:0x007ff4bd0b94b0>
#<MagicData:0x007ff4bd0b8ce0>
#<MagicData:0x007ff4bd0bff68>
#<MagicData:0x007ff4bd0bf6a8>
#<MagicData:0x007fb6ba9a2bf8>
#<MagicData:0x007fb6baa57378>
#<MagicData:0x007fb6baa5de58>
#<MagicData:0x007fb6baa5d1d8>
#<MagicData:0x007fb6baa5c210>
#<MagicData:0x007fb6baa5ba18>
#<MagicData:0x007fb6baa62d68>
#<MagicData:0x007fb6baa62480>
#<MagicData:0x007fa453ba1400>
#<MagicData:0x007fa453c55e78>
#<MagicData:0x007fa453c5c7a0>
#<MagicData:0x007fa453c5bb48>
#<MagicData:0x007fa453c5aba8>
#<MagicData:0x007fa453c5a3b0>
#<MagicData:0x007fa453c61610>
#<MagicData:0x007fa453c60d78>
#<MagicData:0x007ff7e4284888>
#<MagicData:0x007ff7e43ec338>
#<MagicData:0x007ff7e43f2d78>
#<MagicData:0x007ff7e43f1e28>
#<MagicData:0x007ff7e43f0f78>
#<MagicData:0x007ff7e43f0708>
#<MagicData:0x007ff7e43f77d8>
#<MagicData:0x007ff7e43f6f18>
#<MagicData:0x007ff3d4b304a0>
#<MagicData:0x007faa85198cc8>
#<MagicData:0x007f85d481c520>
#<MagicData:0x007f85b93c6888>
#<MagicData:0x007f9892b30948>
#<MagicData:0x007fabc0b9eec0>
#<MagicData:0x007f9573b9e488>
#<MagicData:0x007fcca942d240>
#<MagicData:0x007f82d4b83ce8>
#<MagicData:0x007fe5b2335910>
#<MagicData:0x007fe4d1b9baf0>
#<MagicData:0x007f932db33ec8>
#<MagicData:0x007fba2db34338>
#<MagicData:0x007fd994b34898>
#<MagicData:0x007fd452b989c0>
#<MagicData:0x007fac9d334310>
#<MagicData:0x007f859cb2cef0>
#<MagicData:0x007f7fe532ee18>
#<MagicData:0x007fae33bc6888>
#<MagicData:0x007fe85c334338>
#<MagicData:0x007f97b6335cc0>
#<MagicData:0x007fb853b9baf0>
#<MagicData:0x007ff2fab330e0>
#<MagicData:0x007feebbb304a0>
#<MagicData:0x007fc83ab9eec0>
#<MagicData:0x007ff5a2b33090>
#<MagicData:0x007f9eec334338>
#<MagicData:0x007fed3139eec0>
#<MagicData:0x007f8230b9eec0>
#<MagicData:0x007f9b233330e0>
INSTANCE	i-46e09a2b	running	stopping
#<MagicData:0x007f87fa431ac8>
#<MagicData:0x007fee9bb2ee40>
#<MagicData:0x007f9d24a5fde8>
#<MagicData:0x007fd752381d10>
#<MagicData:0x007fa9fab358e8>
#<MagicData:0x007fb8abb304a0>
#<MagicData:0x007fd89339e0e0>
#<MagicData:0x007f92043280c8>
#<MagicData:0x007f9204482518>
#<MagicData:0x007f9204480420>
#<MagicData:0x007f9204487180>
#<MagicData:0x007f9204486230>
#<MagicData:0x007fcd322850d0>
#<MagicData:0x007fcd323edad0>
#<MagicData:0x007fcd323ec3d8>
#<MagicData:0x007fcd323f2f30>
#<MagicData:0x007fcd323f1f40>
#<MagicData:0x007fcd323f10e0>
#<MagicData:0x007f9132a85870>
#<MagicData:0x007f9132bead28>
#<MagicData:0x007f9132bf1b50>
#<MagicData:0x007f9132bf0c00>
#<MagicData:0x007f9132befe68>
#<MagicData:0x007f9132bef238>
#<MagicData:0x007f9132bee7c0>
#<MagicData:0x007fbfbc0c00c0>
#<MagicData:0x007fbfbc229858>
#<MagicData:0x007fbfbc228548>
#<MagicData:0x007fbfbc22f3c0>
#<MagicData:0x007fbfbc22e448>
#<MagicData:0x007fbfbc22d7f0>
#<MagicData:0x007fbfbc22cc88>
#<MagicData:0x007fcd33af0cf0>
#<MagicData:0x007fcd33c58980>
#<MagicData:0x007fcd33c5f848>
#<MagicData:0x007fcd33c5e808>
#<MagicData:0x007fcd33c5da20>
#<MagicData:0x007fcd33c5ce40>
#<MagicData:0x007fcd33c5c418>
#<MagicData:0x007ff5bc285168>
#<MagicData:0x007ff5bc3edc58>
#<MagicData:0x007ff5bc3f4a08>
#<MagicData:0x007ff5bc3f3a68>
#<MagicData:0x007ff5bc3f2cf8>
#<MagicData:0x007ff5bc3f2118>
#<MagicData:0x007ff5bc3f1628>
INSTANCE	i-6e495904	running	stopping
INSTANCE	i-14acc977	running	stopping
INSTANCE	i-601a3208	running	stopping
INSTANCE	i-8a782ee9	running	stopping
#<MagicData:0x007fa912b92360>
#<MagicData:0x007fa912ceb2e8>
#<MagicData:0x007fa912cf2098>
#<MagicData:0x007fa912cf0f40>
#<MagicData:0x007fa912cf0180>
#<MagicData:0x007fa912cef550>
#<MagicData:0x007fa912cee9c0>
INSTANCE	i-a4a83dc8	running	stopping
#<MagicData:0x007fbf49392758>
#<MagicData:0x007fbf494eb898>
#<MagicData:0x007fbf494f2670>
#<MagicData:0x007fbf494f15b8>
#<MagicData:0x007fbf494f0820>
#<MagicData:0x007fbf494efc68>
#<MagicData:0x007fbf494ef060>
INSTANCE	i-61e32403	running	stopping
#<MagicData:0x007fedfb2efd88>
#<MagicData:0x007fedfb4574f0>
#<MagicData:0x007fedfb45e390>
#<MagicData:0x007fedfb45d328>
#<MagicData:0x007fedfb45c568>
#<MagicData:0x007fedfb45b988>
#<MagicData:0x007fedfb45af38>
#<MagicData:0x007f9501a84d30>
#<MagicData:0x007f9501bed7a8>
#<MagicData:0x007f9501bf40d0>
#<MagicData:0x007f9501bf34a0>
#<MagicData:0x007f9501bf24b0>
#<MagicData:0x007f9501bf1ce0>
#<MagicData:0x007f9501bf8f40>
#<MagicData:0x007f9501bf8680>
#<MagicData:0x007f99b4a81d08>
#<MagicData:0x007f99b4be9a38>
#<MagicData:0x007f99b4bf0388>
#<MagicData:0x007f99b4bef5c8>
#<MagicData:0x007f99b4bee5d8>
#<MagicData:0x007f99b4bede80>
#<MagicData:0x007f99b4bf5068>
#<MagicData:0x007f99b4bf47a8>
#<MagicData:0x007fa333287368>
#<MagicData:0x007fa3333edc48>
#<MagicData:0x007fa3333f45c0>
#<MagicData:0x007fa3333f3800>
#<MagicData:0x007fa3333f2838>
#<MagicData:0x007fa3333f20b8>
#<MagicData:0x007fa3333f9278>
#<MagicData:0x007fa3333f89b8>
#<MagicData:0x007fed6e809798>
#<MagicData:0x007fed6e8adb90>
#<MagicData:0x007fed6e8acbc8>
#<MagicData:0x007fed6e8abe58>
#<MagicData:0x007fed6e8ab2a0>
#<MagicData:0x007fed6e8aa6e8>
#<MagicData:0x007fed6e8b1c90>
#<MagicData:0x007fed6e8b1470>
#<MagicData:0x007fed6e8af260>
#<MagicData:0x007ff61dbddc90>
#<MagicData:0x007ff61dc70770>
#<MagicData:0x007ff61dc6ffa0>
#<MagicData:0x007ff61dc771b0>
#<MagicData:0x007ff61dc76918>
#<MagicData:0x007ff61dc756a8>
#<MagicData:0x007ff61dc7b1c0>
#<MagicData:0x007ff61dc79960>
#<MagicData:0x007ff61dc78bf0>
#<MagicData:0x007ff61dc78448>
#<MagicData:0x007ff61dc7f180>
#<MagicData:0x007ff61dc7e280>
#<MagicData:0x007ff61dc7d600>
#<MagicData:0x007ff61dc7cc00>
#<MagicData:0x007f8303ac3d10>
#<MagicData:0x007f8303b57740>
#<MagicData:0x007f8303b56ac0>
#<MagicData:0x007f8303b5e0b8>
#<MagicData:0x007f8303b5d7d0>
#<MagicData:0x007f8303b5b458>
#<MagicData:0x007f8303b61380>
#<MagicData:0x007f8303b606b0>
#<MagicData:0x007f8303b5fbc0>
#<MagicData:0x007f8303b5f008>
#<MagicData:0x007f8303b65a48>
#<MagicData:0x007f8303b64c38>
#<MagicData:0x007f8303b64328>
#<MagicData:0x007f8303b6a4f8>
#<MagicData:0x007f8303b67d48>
INSTANCE	i-0a059669	running	stopping
#<MagicData:0x007f8f73b64b58>
#<MagicData:0x007f8f73bf9848>
#<MagicData:0x007f8f73bf9000>
#<MagicData:0x007f8f73bf7b38>
#<MagicData:0x007f8f73bfd948>
#<MagicData:0x007f8f73bfc098>
#<MagicData:0x007f8f73bfb350>
#<MagicData:0x007f8f73bfaba8>
#<MagicData:0x007f8f73c01408>
#<MagicData:0x007f8f73c008a0>
#<MagicData:0x007f8f73bffcc0>
#<MagicData:0x007f8f73bff3b0>
#<MagicData:0x007f8f73c040e0>
#<MagicData:0x007f8f73c02d58>
#<MagicData:0x007f8f73c09b80>
#<MagicData:0x007f8f73c08488>
#<MagicData:0x007f8f73c07a10>
#<MagicData:0x007f8f73c06a70>
#<MagicData:0x007fe04ab646d0>
#<MagicData:0x007fe04abf9848>
#<MagicData:0x007fe04abf9000>
#<MagicData:0x007fe04abf7a98>
#<MagicData:0x007fe04abfd790>
#<MagicData:0x007fe04abfc070>
#<MagicData:0x007fe04abfb350>
#<MagicData:0x007fe04abfaba8>
#<MagicData:0x007fe04ac013e0>
#<MagicData:0x007fe04ac00878>
#<MagicData:0x007fe04abffc98>
#<MagicData:0x007fe04abff310>
#<MagicData:0x007fe04ac04090>
#<MagicData:0x007fe04ac02d30>
#<MagicData:0x007fe04ac09b80>
#<MagicData:0x007fe04ac08488>
#<MagicData:0x007fe04ac07a10>
#<MagicData:0x007fe04ac06a48>
#<MagicData:0x007ff4e53611e0>
#<MagicData:0x007ff4e53f5f20>
#<MagicData:0x007ff4e53f56d8>
#<MagicData:0x007ff4e53f4440>
#<MagicData:0x007ff4e53f9eb8>
#<MagicData:0x007ff4e53f8720>
#<MagicData:0x007ff4e53f7988>
#<MagicData:0x007ff4e53f7208>
#<MagicData:0x007ff4e53fdd10>
#<MagicData:0x007ff4e53fcfc8>
#<MagicData:0x007ff4e53fc370>
#<MagicData:0x007ff4e53fb920>
#<MagicData:0x007ff4e54012a8>
#<MagicData:0x007ff4e53ff3b8>
#<MagicData:0x007ff4e5405fb0>
#<MagicData:0x007ff4e5404660>
#<MagicData:0x007ff4e5403e68>
#<MagicData:0x007ff4e54031c0>
INSTANCE	i-b3497edc	running	stopping
INSTANCE	i-8d3700e2	running	stopping
#<MagicData:0x007fde0ab623b8>
#<MagicData:0x007fde0abf7710>
#<MagicData:0x007fde0abf6ea0>
#<MagicData:0x007fde0abf5c58>
#<MagicData:0x007fde0abfb838>
#<MagicData:0x007fde0abf9f38>
#<MagicData:0x007fde0abf9128>
#<MagicData:0x007fde0abf8908>
#<MagicData:0x007fde0abff2a8>
#<MagicData:0x007fde0abfe6c8>
#<MagicData:0x007fde0abfdb38>
#<MagicData:0x007fde0abfd0e8>
#<MagicData:0x007fde0ac02958>
#<MagicData:0x007fde0ac00c70>
#<MagicData:0x007fde0ac07958>
#<MagicData:0x007fde0ac05ec8>
#<MagicData:0x007fde0ac055b8>
#<MagicData:0x007fde0ac049d8>
INSTANCE	i-c0004aae	running	stopping
INSTANCE	i-22074d4c	running	stopping
INSTANCE	i-5d370032	running	stopping
INSTANCE	i-8e90b3e2	stopped	stopped
#<MagicData:0x007f84fbb5f838>
#<MagicData:0x007f84fbbf42f8>
#<MagicData:0x007f84fbbf3b00>
#<MagicData:0x007f84fbbf1378>
#<MagicData:0x007f84fbbf73e0>
#<MagicData:0x007f84fbbf66e8>
#<MagicData:0x007f84fbbf5db0>
#<MagicData:0x007f84fbbf4e10>
#<MagicData:0x007f84fbbfbd50>
#<MagicData:0x007f84fbbfaf40>
#<MagicData:0x007f84fbbfa5b8>
#<MagicData:0x007f84fbc00da0>
#<MagicData:0x007f84fbbfe1b8>
#<MagicData:0x007f84fbbfced0>
#<MagicData:0x007f84fbc03528>
#<MagicData:0x007f84fbc02ad8>
#<MagicData:0x007f84fbc02178>
#<MagicData:0x007f84fbc011b0>
#<MagicData:0x007f84fbc07f38>
INSTANCE	i-e3df6b81	running	stopping
#<MagicData:0x007fb51d9ca930>
#<MagicData:0x007fb51da604f8>
#<MagicData:0x007fb51da5ee28>
#<MagicData:0x007fb51da5e0b8>
#<MagicData:0x007fb51da5d988>
#<MagicData:0x007fb51da64198>
#<MagicData:0x007fb51da63680>
#<MagicData:0x007fb51da62a50>
#<MagicData:0x007fb51da62028>
#<MagicData:0x007fb51da66ec0>
#<MagicData:0x007fb51da65b10>
#<MagicData:0x007fb51da6c5f0>
#<MagicData:0x007fb51da6adb8>
#<MagicData:0x007fb51da6a4d0>
#<MagicData:0x007fb51da69968>
#<MagicData:0x007fb51da70380>
#<MagicData:0x007fb51da6fb38>
#<MagicData:0x007fb51da6f098>
#<MagicData:0x007fb51da6df68>
#<MagicData:0x007fb51da74778>
#<MagicData:0x007fb51da728b0>
#<MagicData:0x007fb51da717d0>
#<MagicData:0x007fb51da78b48>
#<MagicData:0x007fb51da77fb8>
INSTANCE	i-7d2e771f	running	stopping
INSTANCE	i-3c99c452	running	stopping
INSTANCE	i-4e99c420	running	stopping
#<MagicData:0x007fc0d5371548>
#<MagicData:0x007fc0d53fb928>
#<MagicData:0x007fc0d53faf28>
#<MagicData:0x007fc0d53f9f60>
#<MagicData:0x007fc0d5400ec8>
#<MagicData:0x007fc0d5400180>
#<MagicData:0x007fc0d53ff8c0>
#<MagicData:0x007fc0d53fde58>
#<MagicData:0x007fc0d54032b8>
#<MagicData:0x007fc0d5401fd0>
#<MagicData:0x007fc0d54085d8>
#<MagicData:0x007fc0d5407b88>
#<MagicData:0x007fc0d5407200>
#<MagicData:0x007fc0d54061e8>
#<MagicData:0x007fc0d540d178>
#<MagicData:0x007fc0d540c7f0>
#<MagicData:0x007fc0d540bee0>
#<MagicData:0x007fc0d540a4c8>
#<MagicData:0x007fc0d5410d00>
#<MagicData:0x007fc0d540f130>
#<MagicData:0x007fc0d540e668>
#<MagicData:0x007fc0d5415968>
#<MagicData:0x007fc0d5414b30>
#<MagicData:0x007fc0d5413ed8>
#<MagicData:0x007fc0d5413280>
#<MagicData:0x007fc0d5419a90>
#<MagicData:0x007fc0d54191a8>
#<MagicData:0x007fd6ab36e640>
#<MagicData:0x007fd6ab3f88b8>
#<MagicData:0x007fd6ab3f7ee0>
#<MagicData:0x007fd6ab3f6f18>
#<MagicData:0x007fd6ab3fdea8>
#<MagicData:0x007fd6ab3fd138>
#<MagicData:0x007fd6ab3fc7d8>
#<MagicData:0x007fd6ab3fae60>
#<MagicData:0x007fd6ab400270>
#<MagicData:0x007fd6ab3fef10>
#<MagicData:0x007fd6ab4055b8>
#<MagicData:0x007fd6ab404b68>
#<MagicData:0x007fd6ab4041e0>
#<MagicData:0x007fd6ab4031f0>
#<MagicData:0x007fd6ab40a1a8>
#<MagicData:0x007fd6ab4097f8>
#<MagicData:0x007fd6ab408f10>
#<MagicData:0x007fd6ab407408>
#<MagicData:0x007fd6ab40dd08>
#<MagicData:0x007fd6ab40c138>
#<MagicData:0x007fd6ab40b670>
#<MagicData:0x007fd6ab412970>
#<MagicData:0x007fd6ab411b10>
#<MagicData:0x007fd6ab410ee0>
#<MagicData:0x007fd6ab410288>
#<MagicData:0x007fd6ab416a98>
#<MagicData:0x007fd6ab4161b0>
#<MagicData:0x007fbb043fe640>
#<MagicData:0x007fbb04488b38>
#<MagicData:0x007fbb04488048>
#<MagicData:0x007fbb04487148>
#<MagicData:0x007fbb0448e178>
#<MagicData:0x007fbb0448d390>
#<MagicData:0x007fbb0448cb48>
#<MagicData:0x007fbb0448b2e8>
#<MagicData:0x007fbb04490428>
#<MagicData:0x007fbb0448f140>
#<MagicData:0x007fbb044957c0>
#<MagicData:0x007fbb04494d20>
#<MagicData:0x007fbb044943c0>
#<MagicData:0x007fbb04493380>
#<MagicData:0x007fbb0449a6f8>
#<MagicData:0x007fbb04499d48>
#<MagicData:0x007fbb044994d8>
#<MagicData:0x007fbb044978e0>
#<MagicData:0x007fbb0449e488>
#<MagicData:0x007fbb0449c548>
#<MagicData:0x007fbb0449b9b8>
#<MagicData:0x007fbb044a28f8>
#<MagicData:0x007fbb044a1b38>
#<MagicData:0x007fbb044a0ee0>
#<MagicData:0x007fbb044a0288>
#<MagicData:0x007fbb044a6bd8>
#<MagicData:0x007fbb044a62c8>
#<MagicData:0x007fddcd370c50>
#<MagicData:0x007fddcd3fb0d0>
#<MagicData:0x007fddcd3fa5e0>
#<MagicData:0x007fddcd3f9640>
#<MagicData:0x007fddcd400648>
#<MagicData:0x007fddcd3ff888>
#<MagicData:0x007fddcd3ff040>
#<MagicData:0x007fddcd3fd948>
#<MagicData:0x007fddcd402998>
#<MagicData:0x007fddcd401688>
#<MagicData:0x007fddcd407cb8>
#<MagicData:0x007fddcd407268>
#<MagicData:0x007fddcd4068e0>
#<MagicData:0x007fddcd4058c8>
#<MagicData:0x007fddcd40ca10>
#<MagicData:0x007fddcd40c010>
#<MagicData:0x007fddcd40b750>
#<MagicData:0x007fddcd409cc0>
#<MagicData:0x007fddcd410818>
#<MagicData:0x007fddcd40e928>
#<MagicData:0x007fddcd40de38>
#<MagicData:0x007fddcd415070>
#<MagicData:0x007fddcd4141e8>
#<MagicData:0x007fddcd413590>
#<MagicData:0x007fddcd4129d8>
#<MagicData:0x007fddcd4191c0>
#<MagicData:0x007fddcd4188b0>
INSTANCE	i-132a2f7b	running	stopping
#<MagicData:0x007f98ba3706e0>
#<MagicData:0x007f98ba3faac0>
#<MagicData:0x007f98ba3fa020>
#<MagicData:0x007f98ba3f9648>
#<MagicData:0x007f98ba4001f0>
#<MagicData:0x007f98ba3ff480>
#<MagicData:0x007f98ba3feb48>
#<MagicData:0x007f98ba3fdba8>
#<MagicData:0x007f98ba4024f0>
#<MagicData:0x007f98ba401898>
#<MagicData:0x007f98ba407ae0>
#<MagicData:0x007f98ba406e60>
#<MagicData:0x007f98ba406550>
#<MagicData:0x007f98ba405678>
#<MagicData:0x007f98ba40cb80>
#<MagicData:0x007f98ba40c220>
#<MagicData:0x007f98ba40b988>
#<MagicData:0x007f98ba409cf0>
#<MagicData:0x007f98ba410b90>
#<MagicData:0x007f98ba40eb10>
#<MagicData:0x007f98ba40dc60>
#<MagicData:0x007f98ba414588>
#<MagicData:0x007f98ba413958>
#<MagicData:0x007f98ba412f08>
#<MagicData:0x007f98ba412620>
#<MagicData:0x007f98ba410de8>
#<MagicData:0x007f98ba4183b8>
#<MagicData:0x007fd61e99aee8>
#<MagicData:0x007fbf7c028648>
#<MagicData:0x007fbf7c22c200>
#<MagicData:0x007fbf7c232df8>
INSTANCE	i-b5224cd8	running	stopping
INSTANCE	i-81234dec	running	stopping
#<MagicData:0x007fbb0a2efbb8>
#<MagicData:0x007fbb0a451ee8>
#<MagicData:0x007fbb0a458a40>
INSTANCE	i-ec80f784	running	stopping
#<MagicData:0x007fa072aefbb8>
#<MagicData:0x007fa072c51ee8>
#<MagicData:0x007fa072c58a40>
#<MagicData:0x007f9a49255c48>
#<MagicData:0x007f9a493bee68>
#<MagicData:0x007f9a493bda40>
#<MagicData:0x007ffbe9b26cf8>
#<MagicData:0x007ffbe9c792b8>
#<MagicData:0x007ffbe9c7fdc0>
#<MagicData:0x007f810bb2a7a8>
#<MagicData:0x007f810bc85b70>
#<MagicData:0x007f810bc84770>
#<MagicData:0x007fe27b286fa8>
#<MagicData:0x007fe27b3f05d8>
#<MagicData:0x007fe27b3ef1d8>
#<MagicData:0x007f9acbb26908>
#<MagicData:0x007f9acbc74e40>
#<MagicData:0x007f9acbc7ba38>
#<MagicData:0x007fb8d1ba2250>
#<MagicData:0x007fb8d1c588c0>
#<MagicData:0x007fb8d1c575d8>
#<MagicData:0x007fee02a86220>
#<MagicData:0x007fee02be8d20>
#<MagicData:0x007fee02befb70>
#<MagicData:0x007faab5a86fa8>
#<MagicData:0x007faab5bf05b0>
#<MagicData:0x007faab5bef1b0>
#<MagicData:0x007ffcadb39348>
#<MagicData:0x007ffcadbe7ec0>
#<MagicData:0x007ffcadbeec48>
#<MagicData:0x007fe6e3284570>
#<MagicData:0x007fe6e33ee410>
#<MagicData:0x007fe6e33ecb10>
#<MagicData:0x007fe6e33eb5a8>
#<MagicData:0x007ff6222889b0>
#<MagicData:0x007ff6223f11a8>
#<MagicData:0x007ff6223ef830>
#<MagicData:0x007ff6223ee2a0>
#<MagicData:0x007fda3b2f24a8>
#<MagicData:0x007fda3b45bb78>
#<MagicData:0x007fda3b459c10>
#<MagicData:0x007fda3b460998>
#<MagicData:0x007fda3b45f9d0>
#<MagicData:0x007f8f722f2980>
#<MagicData:0x007f8f7245bd80>
#<MagicData:0x007f8f7245a0e8>
#<MagicData:0x007f8f72460f10>
#<MagicData:0x007f8f7245fc50>
INSTANCE	i-866e14ed	running	stopping
#<MagicData:0x007fe56c2f2458>
#<MagicData:0x007fe56c45bb28>
#<MagicData:0x007fe56c459be8>
#<MagicData:0x007fe56c460970>
#<MagicData:0x007fe56c45f9a8>
#<MagicData:0x007fc8c3325760>
#<MagicData:0x007fc8c347ab10>
#<MagicData:0x007fc8c3479670>
#<MagicData:0x007fc8c34801a0>
#<MagicData:0x007fc8c347f250>
#<MagicData:0x007fc8c347e378>
INSTANCE	i-6c3f330d	running	stopping
INSTANCE	i-5e6d1735	running	stopping
#<MagicData:0x007fdb823c6d78>
#<MagicData:0x007fdb8247b688>
#<MagicData:0x007fdb824822a8>
#<MagicData:0x007fdb82481380>
#<MagicData:0x007fdb82480390>
#<MagicData:0x007fdb8247fad0>
#<MagicData:0x007fdb82486d80>
INSTANCE	i-eab6438b	running	stopping
#<MagicData:0x007fa151b92090>
#<MagicData:0x007fa151c3a790>
#<MagicData:0x007fa151c39c28>
#<MagicData:0x007fa151c38968>
#<MagicData:0x007fa151c3edb8>
#<MagicData:0x007fa151c43980>
#<MagicData:0x007fa151c42328>
#<MagicData:0x007ff5322ee788>
#<MagicData:0x007ff53245de48>
#<MagicData:0x007ff53245ccc8>
#<MagicData:0x007ff53245c160>
#<MagicData:0x007ff53245b2b0>
#<MagicData:0x007ff53245aa90>
#<MagicData:0x007ff532461cc8>
#<MagicData:0x007ff5324614a8>
INSTANCE	i-9677fbf7	running	stopping
#<MagicData:0x007faa52324b88>
#<MagicData:0x007faa524865a8>
#<MagicData:0x007faa524854f0>
#<MagicData:0x007faa52484820>
#<MagicData:0x007faa524838d0>
#<MagicData:0x007faa52483128>
#<MagicData:0x007faa5248a310>
#<MagicData:0x007faa52489ac8>
#<MagicData:0x007f8f73a83fe0>
#<MagicData:0x007f8f73beb360>
#<MagicData:0x007f8f73bf2188>
#<MagicData:0x007f8f73bf1288>
#<MagicData:0x007f8f73bf0428>
#<MagicData:0x007f8f73befc30>
#<MagicData:0x007f8f73bf6c88>
#<MagicData:0x007f8f73bf6468>
#<MagicData:0x007ff7c93284d0>
#<MagicData:0x007ff7c94891d0>
#<MagicData:0x007ff7c94882f8>
#<MagicData:0x007ff7c9487448>
#<MagicData:0x007ff7c9486a48>
#<MagicData:0x007ff7c9485df0>
#<MagicData:0x007ff7c948d398>
#<MagicData:0x007ff7c948ca88>
#<MagicData:0x007ff7c948a508>
#<MagicData:0x007ff64c3f1ed0>
#<MagicData:0x007ff64c484640>
#<MagicData:0x007ff64c483808>
#<MagicData:0x007ff64c482ed0>
#<MagicData:0x007ff64c48a1f8>
#<MagicData:0x007ff64c489a28>
#<MagicData:0x007ff64c488498>
#<MagicData:0x007ff64c48dce0>
#<MagicData:0x007ff64c48c958>
#<MagicData:0x007ff64c48bb70>
#<MagicData:0x007ff64c48b300>
#<MagicData:0x007ff64c491de0>
INSTANCE	i-adf8d6cd	running	stopping
INSTANCE	i-419c6a2e	running	stopping
INSTANCE	i-139f697c	running	stopping
#<MagicData:0x007f9c2931e530>
#<MagicData:0x007f9c293b1420>
#<MagicData:0x007f9c293b08e0>
#<MagicData:0x007f9c293b7c80>
#<MagicData:0x007f9c293b7460>
#<MagicData:0x007f9c293b5a70>
#<MagicData:0x007f9c293bbb78>
#<MagicData:0x007f9c293ba3b8>
#<MagicData:0x007f9c293b95f8>
#<MagicData:0x007f9c293b8db0>
#<MagicData:0x007f9c293bf700>
#<MagicData:0x007f9c293bead0>
#<MagicData:0x007f9c293be080>
#<MagicData:0x007f9c293bd590>
#<MagicData:0x007ff8198f0c78>
INSTANCE	i-7bebe814	running	stopping
#<MagicData:0x007fe6c3332258>
#<MagicData:0x007f9c051a6bb8>
#<MagicData:0x007f9c058bbf98>
#<MagicData:0x007f9c058baad0>
#<MagicData:0x007fb26da88a00>
#<MagicData:0x007fb26dbf1298>
#<MagicData:0x007fb26dbeff60>
#<MagicData:0x007fb26dbee480>
#<MagicData:0x007fc9992f15d8>
#<MagicData:0x007fc99945a3c0>
#<MagicData:0x007fc9994590b0>
#<MagicData:0x007fc999457468>
#<MagicData:0x007f976ba889a0>
#<MagicData:0x007f976bbf0e50>
#<MagicData:0x007f976bbeee20>
#<MagicData:0x007f976bbf5ba8>
#<MagicData:0x007f976bbf4c08>
#<MagicData:0x007fa2ab338290>
#<MagicData:0x007fa2ab3ee1a8>
#<MagicData:0x007fa2ab3ec948>
#<MagicData:0x007fa2ab3f3608>
#<MagicData:0x007fa2ab3f2578>
#<MagicData:0x007fa2ab3f1718>
#<MagicData:0x007fd525b38290>
#<MagicData:0x007fd525bee1a8>
#<MagicData:0x007fd525bec948>
#<MagicData:0x007fd525bf3608>
#<MagicData:0x007fd525bf2578>
#<MagicData:0x007fd525bf1718>
INSTANCE	i-489d4a22	running	stopping
INSTANCE	i-db02e3b6	running	stopping
#<MagicData:0x007fd8e12ee228>
#<MagicData:0x007fd8e1456110>
#<MagicData:0x007fd8e1454ba8>
#<MagicData:0x007fd8e145b4a8>
#<MagicData:0x007fd8e145a878>
#<MagicData:0x007fd8e14598b0>
INSTANCE	i-fe1bfc94	running	stopping
INSTANCE	i-36e0525d	running	stopping
#<MagicData:0x007f9d42a86830>
#<MagicData:0x007f9d42bef370>
#<MagicData:0x007f9d42bedd90>
#<MagicData:0x007f9d42bf4870>
#<MagicData:0x007f9d42bf3948>
#<MagicData:0x007f9d42bf2a98>
#<MagicData:0x007fc29db36a98>
#<MagicData:0x007fc29dbec000>
#<MagicData:0x007fc29dbeab60>
#<MagicData:0x007fc29dbf1550>
#<MagicData:0x007fc29dbf0948>
#<MagicData:0x007fc29dbef958>
INSTANCE	i-7193d213	running	stopping
#<MagicData:0x007ff1b52849a8>
#<MagicData:0x007ff1b53f4608>
#<MagicData:0x007ff1b53f37d0>
#<MagicData:0x007ff1b53f2d08>
#<MagicData:0x007ff1b53f1fe8>
#<MagicData:0x007ff1b53f95e0>
#<MagicData:0x007ff1b53f8cd0>
#<MagicData:0x007ff1b53f6ea8>
#<MagicData:0x007ff1b53fcb00>
#<MagicData:0x007ff1b53fb9d0>
#<MagicData:0x007ff1b53faee0>
#<MagicData:0x007fef49b29810>
#<MagicData:0x007fef4c108748>
#<MagicData:0x007fef4c107f50>
#<MagicData:0x007fef4c10f160>
#<MagicData:0x007fef4c10e918>
#<MagicData:0x007fef4c10d4c8>
#<MagicData:0x007fef4c1131c0>
#<MagicData:0x007fef4c1118e8>
#<MagicData:0x007fef4c110bc8>
#<MagicData:0x007fef4c110420>
#<MagicData:0x007fef4c116a78>
#<MagicData:0x007fef4c115ec0>
#<MagicData:0x007fef4c115308>
#<MagicData:0x007fef4c1147c8>
#<MagicData:0x007f9fccb5e438>
#<MagicData:0x007f9fccbf2548>
#<MagicData:0x007f9fccbf1760>
#<MagicData:0x007f9fccbf8cb8>
#<MagicData:0x007f9fccbf8470>
#<MagicData:0x007f9fccbf6378>
#<MagicData:0x007f9fccbfc048>
#<MagicData:0x007f9fccbfb1c0>
#<MagicData:0x007f9fccbfa6d0>
#<MagicData:0x007f9fccbf9b18>
#<MagicData:0x007f9fccc00828>
#<MagicData:0x007f9fccbff9f0>
#<MagicData:0x007f9fccbff1d0>
#<MagicData:0x007f9fccbfe4d8>
#<MagicData:0x007f9fccc02b78>
#<MagicData:0x007fd34422fe38>
#<MagicData:0x007fd34426b4b0>
#<MagicData:0x007fd34426ae98>
#<MagicData:0x007fd34426a880>
#<MagicData:0x007fd34426a268>
#<MagicData:0x007fd344269c50>
#<MagicData:0x007fd344271630>
#<MagicData:0x007fd344271018>
#<MagicData:0x007fd344270a00>
#<MagicData:0x007fd3442703e8>
#<MagicData:0x007fd34426fdd0>
#<MagicData:0x007fd34426f7b8>
#<MagicData:0x007fd34426f1a0>
#<MagicData:0x007fd34426eb88>
#<MagicData:0x007fd34426e570>
#<MagicData:0x007fe74c61f220>
#<MagicData:0x007fe74c658a70>
#<MagicData:0x007fe74c658458>
#<MagicData:0x007fe74c657e40>
#<MagicData:0x007fe74c657828>
#<MagicData:0x007fe74c65f1e0>
#<MagicData:0x007fe74c65ebc8>
#<MagicData:0x007fe74c65e5b0>
#<MagicData:0x007fe74c65df98>
#<MagicData:0x007fe74c65d980>
#<MagicData:0x007fe74c65d368>
#<MagicData:0x007fe74c65cd50>
#<MagicData:0x007fe74c65c738>
#<MagicData:0x007fe74c65c120>
#<MagicData:0x007fe74c65bb08>
#<MagicData:0x007fe74c65b4f0>
INSTANCE	i-90914af5	running	stopping
#<MagicData:0x007fead5373f58>
#<MagicData:0x007fead53ed6c8>
#<MagicData:0x007fead53ec930>
#<MagicData:0x007fead53eab30>
#<MagicData:0x007fead53eff68>
#<MagicData:0x007fead53f4e78>
#<MagicData:0x007fead53f3ff0>
#<MagicData:0x007fead53f3640>
#<MagicData:0x007fead53f2b00>
#<MagicData:0x007fead53f1a98>
#<MagicData:0x007fead53f9158>
#<MagicData:0x007fead53f87a8>
#<MagicData:0x007fead53f77b8>
#<MagicData:0x007fead53f6c00>
#<MagicData:0x007fead53f6480>
#<MagicData:0x007fead53fd8e8>
INSTANCE	i-c7c148a7	running	stopping
INSTANCE	i-82df80e9	running	stopping
INSTANCE	i-baba22df	running	stopping
#<MagicData:0x007fde64b724e8>
#<MagicData:0x007fde64befb00>
#<MagicData:0x007fde64beebd8>
#<MagicData:0x007fde64becec8>
#<MagicData:0x007fde64bf2940>
#<MagicData:0x007fde64bf7378>
#<MagicData:0x007fde64bf64f0>
#<MagicData:0x007fde64bf5b68>
#<MagicData:0x007fde64bf5078>
#<MagicData:0x007fde64bf4010>
#<MagicData:0x007fde64bfb630>
#<MagicData:0x007fde64bfac58>
#<MagicData:0x007fde64bf9cb8>
#<MagicData:0x007fde64bf9100>
#<MagicData:0x007fde64bf8930>
#<MagicData:0x007fde64bffd98>
INSTANCE	i-b2de81d9	running	stopping
INSTANCE	i-ac2187c9	running	stopping
INSTANCE	i-fe026a9b	running	stopping
INSTANCE	i-c4bc0caf	running	stopping
#<MagicData:0x007fc1951d6268>
#<MagicData:0x007fc1952038f8>
#<MagicData:0x007fc1952032e0>
#<MagicData:0x007fc195202cc8>
#<MagicData:0x007fc19520a680>
#<MagicData:0x007fc19520a068>
#<MagicData:0x007fc195209a50>
#<MagicData:0x007fc195209438>
#<MagicData:0x007fc195208e20>
#<MagicData:0x007fc195208808>
#<MagicData:0x007fc1952081f0>
#<MagicData:0x007fc195207bd8>
#<MagicData:0x007fc1952075c0>
#<MagicData:0x007fc195206fa8>
#<MagicData:0x007fc195206990>
#<MagicData:0x007fc19520e370>
#<MagicData:0x007f951d50d458>
#<MagicData:0x007f951d53aae8>
#<MagicData:0x007f951d53a4d0>
#<MagicData:0x007f951d539eb8>
#<MagicData:0x007f951d541870>
#<MagicData:0x007f951d541258>
#<MagicData:0x007f951d540c40>
#<MagicData:0x007f951d540628>
#<MagicData:0x007f951d540010>
#<MagicData:0x007f951d53f9f8>
#<MagicData:0x007f951d53f3e0>
#<MagicData:0x007f951d53edc8>
#<MagicData:0x007f951d53e7b0>
#<MagicData:0x007f951d53e198>
#<MagicData:0x007f951d545b78>
#<MagicData:0x007f951d545560>
#<MagicData:0x007f951d544f48>
#<MagicData:0x007ffe759d7260>
#<MagicData:0x007ffe75a048f0>
#<MagicData:0x007ffe75a042d8>
#<MagicData:0x007ffe75a03cc0>
#<MagicData:0x007ffe75a0b678>
#<MagicData:0x007ffe75a0b060>
#<MagicData:0x007ffe75a0aa48>
#<MagicData:0x007ffe75a0a430>
#<MagicData:0x007ffe75a09e18>
#<MagicData:0x007ffe75a09800>
#<MagicData:0x007ffe75a091e8>
#<MagicData:0x007ffe75a08bd0>
#<MagicData:0x007ffe75a085b8>
#<MagicData:0x007ffe75a07fa0>
#<MagicData:0x007ffe75a0f980>
#<MagicData:0x007ffe75a0f368>
#<MagicData:0x007ffe75a0ed50>
#<MagicData:0x007f8cb3bddd90>
#<MagicData:0x007f8cb3c57af0>
#<MagicData:0x007f8cb3c55fe8>
#<MagicData:0x007f8cb3c5bdf8>
#<MagicData:0x007f8cb3c5a318>
#<MagicData:0x007f8cb3c5f278>
#<MagicData:0x007f8cb3c5e8f0>
#<MagicData:0x007f8cb3c5dd38>
#<MagicData:0x007f8cb3c5cd20>
#<MagicData:0x007f8cb3c64408>
#<MagicData:0x007f8cb3c63a80>
#<MagicData:0x007f8cb3c62ab8>
#<MagicData:0x007f8cb3c61f00>
#<MagicData:0x007f8cb3c61690>
#<MagicData:0x007f8cb3c60b00>
#<MagicData:0x007f8cb3c679f0>
#<MagicData:0x007f8cb3c67108>
#<MagicData:0x007fd6939da640>
#<MagicData:0x007fd693a07cd0>
#<MagicData:0x007fd693a076b8>
#<MagicData:0x007fd693a070a0>
#<MagicData:0x007fd693a0ea58>
#<MagicData:0x007fd693a0e440>
#<MagicData:0x007fd693a0de28>
#<MagicData:0x007fd693a0d810>
#<MagicData:0x007fd693a0d1f8>
#<MagicData:0x007fd693a0cbe0>
#<MagicData:0x007fd693a0c5c8>
#<MagicData:0x007fd693a0bfb0>
#<MagicData:0x007fd693a0b998>
#<MagicData:0x007fd693a0b380>
#<MagicData:0x007fd693a12d60>
#<MagicData:0x007fd693a12748>
#<MagicData:0x007fd693a12130>
#<MagicData:0x007fce72b72710>
#<MagicData:0x007fce72bf0818>
#<MagicData:0x007fce72bef1e8>
#<MagicData:0x007fce72bed348>
#<MagicData:0x007fce72bf2ff0>
#<MagicData:0x007fce72bf7960>
#<MagicData:0x007fce72bf6b50>
#<MagicData:0x007fce72bf5f20>
#<MagicData:0x007fce72bf5020>
#<MagicData:0x007fce72bfc500>
#<MagicData:0x007fce72bfb970>
#<MagicData:0x007fce72bfaa98>
#<MagicData:0x007fce72bf9fd0>
#<MagicData:0x007fce72bf9710>
#<MagicData:0x007fce72bf8f40>
#<MagicData:0x007fce72bffef8>
#<MagicData:0x007fce72bff700>
#<MagicData:0x007f970c470798>
#<MagicData:0x007f970c4ee850>
#<MagicData:0x007f970c4ed068>
#<MagicData:0x007f970c4ebbc8>
#<MagicData:0x007f970c4f11b8>
#<MagicData:0x007f970c4f5b28>
#<MagicData:0x007f970c4f4958>
#<MagicData:0x007f970c4f3fd0>
#<MagicData:0x007f970c4f3058>
#<MagicData:0x007f970c4fa5d8>
#<MagicData:0x007f970c4f99a8>
#<MagicData:0x007f970c4f8a80>
#<MagicData:0x007f970c4f8120>
#<MagicData:0x007f970c4f7720>
#<MagicData:0x007f970c4f6eb0>
#<MagicData:0x007f970c4fe2c8>
#<MagicData:0x007f970c4fd6c0>
INSTANCE	i-761af115	running	stopping
#<MagicData:0x007ffdf5b72168>
#<MagicData:0x007ffdf5befdc0>
#<MagicData:0x007ffdf5bee538>
#<MagicData:0x007ffdf5bf3d58>
#<MagicData:0x007ffdf5bf23e0>
#<MagicData:0x007ffdf5bf7278>
#<MagicData:0x007ffdf5bf6878>
#<MagicData:0x007ffdf5bf5dd8>
#<MagicData:0x007ffdf5bf5018>
#<MagicData:0x007ffdf5bfc340>
#<MagicData:0x007ffdf5bfba58>
#<MagicData:0x007ffdf5bfabd0>
#<MagicData:0x007ffdf5bf9eb0>
#<MagicData:0x007ffdf5bf9488>
#<MagicData:0x007ffdf5bf8ce0>
#<MagicData:0x007ffdf5bffec8>
#<MagicData:0x007ffdf5bff310>
#<MagicData:0x007f99444c8490>
#<MagicData:0x007f99444f5b20>
#<MagicData:0x007f99444f5508>
#<MagicData:0x007f99444f4ef0>
#<MagicData:0x007f99444f48d8>
#<MagicData:0x007f99444fc290>
#<MagicData:0x007f99444fbc78>
#<MagicData:0x007f99444fb660>
#<MagicData:0x007f99444fb048>
#<MagicData:0x007f99444faa30>
#<MagicData:0x007f99444fa418>
#<MagicData:0x007f99444f9e00>
#<MagicData:0x007f99444f97e8>
#<MagicData:0x007f99444f91d0>
#<MagicData:0x007f99444f8bb8>
#<MagicData:0x007f9944500570>
#<MagicData:0x007f99444fff58>
#<MagicData:0x007ff9649d5a20>
#<MagicData:0x007ff964a030b0>
#<MagicData:0x007ff964a02a98>
#<MagicData:0x007ff964a02480>
#<MagicData:0x007ff964a01e68>
#<MagicData:0x007ff964a09820>
#<MagicData:0x007ff964a09208>
#<MagicData:0x007ff964a08bf0>
#<MagicData:0x007ff964a085d8>
#<MagicData:0x007ff964a07fc0>
#<MagicData:0x007ff964a079a8>
#<MagicData:0x007ff964a07390>
#<MagicData:0x007ff964a06d78>
#<MagicData:0x007ff964a06760>
#<MagicData:0x007ff964a06148>
#<MagicData:0x007ff964a0db28>
#<MagicData:0x007ff964a0d510>
#<MagicData:0x007ffa52374c78>
#<MagicData:0x007ffa523f2740>
#<MagicData:0x007ffa523f0f08>
#<MagicData:0x007ffa523f6660>
#<MagicData:0x007ffa523f4c48>
#<MagicData:0x007ffa523f9bf8>
#<MagicData:0x007ffa523f9220>
#<MagicData:0x007ffa523f87a8>
#<MagicData:0x007ffa523f7b78>
#<MagicData:0x007ffa523fecc0>
#<MagicData:0x007ffa523fe3b0>
#<MagicData:0x007ffa523fd438>
#<MagicData:0x007ffa523fc880>
#<MagicData:0x007ffa523fbe08>
#<MagicData:0x007ffa523fb688>
#<MagicData:0x007ffa52402988>
#<MagicData:0x007ffa52401d58>
#<MagicData:0x007fe8831d5768>
#<MagicData:0x007fe883202df8>
#<MagicData:0x007fe8832027e0>
#<MagicData:0x007fe8832021c8>
#<MagicData:0x007fe883209ba8>
#<MagicData:0x007fe883209590>
#<MagicData:0x007fe883208f78>
#<MagicData:0x007fe883208960>
#<MagicData:0x007fe883208348>
#<MagicData:0x007fe883207d30>
#<MagicData:0x007fe883207718>
#<MagicData:0x007fe883207100>
#<MagicData:0x007fe883206ae8>
#<MagicData:0x007fe8832064d0>
#<MagicData:0x007fe883205eb8>
#<MagicData:0x007fe88320d870>
#<MagicData:0x007fe88320d258>
#<MagicData:0x007fa9e4373580>
#<MagicData:0x007fa9e43ed1a0>
#<MagicData:0x007fa9e43eb8a0>
#<MagicData:0x007fa9e43f0eb8>
#<MagicData:0x007fa9e43ef590>
#<MagicData:0x007fa9e43f4540>
#<MagicData:0x007fa9e43f3ac8>
#<MagicData:0x007fa9e43f30c8>
#<MagicData:0x007fa9e43f22e0>
#<MagicData:0x007fa9e43f9658>
#<MagicData:0x007fa9e43f8d48>
#<MagicData:0x007fa9e43f7ec0>
#<MagicData:0x007fa9e43f71f0>
#<MagicData:0x007fa9e43f6778>
#<MagicData:0x007fa9e43f6020>
#<MagicData:0x007fa9e43fd2d0>
#<MagicData:0x007fa9e43fc6c8>
#<MagicData:0x007f86bb372118>
#<MagicData:0x007f86bb3efdc0>
#<MagicData:0x007f86bb3ee4c0>
#<MagicData:0x007f86bb3f3e98>
#<MagicData:0x007f86bb3f23e0>
#<MagicData:0x007f86bb3f7250>
#<MagicData:0x007f86bb3f68c8>
#<MagicData:0x007f86bb3f5dd8>
#<MagicData:0x007f86bb3f5090>
#<MagicData:0x007f86bb3fc368>
#<MagicData:0x007f86bb3fba58>
#<MagicData:0x007f86bb3fa928>
#<MagicData:0x007f86bb3f9f50>
#<MagicData:0x007f86bb3f9528>
#<MagicData:0x007f86bb3f8d08>
#<MagicData:0x007f86bb3ffe28>
#<MagicData:0x007f86bb3ff298>
#<MagicData:0x007fe5fe1d5768>
#<MagicData:0x007fe5fe202df8>
#<MagicData:0x007fe5fe2027e0>
#<MagicData:0x007fe5fe2021c8>
#<MagicData:0x007fe5fe209ba8>
#<MagicData:0x007fe5fe209590>
#<MagicData:0x007fe5fe208f78>
#<MagicData:0x007fe5fe208960>
#<MagicData:0x007fe5fe208348>
#<MagicData:0x007fe5fe207d30>
#<MagicData:0x007fe5fe207718>
#<MagicData:0x007fe5fe207100>
#<MagicData:0x007fe5fe206ae8>
#<MagicData:0x007fe5fe2064d0>
#<MagicData:0x007fe5fe205eb8>
#<MagicData:0x007fe5fe20d870>
#<MagicData:0x007fe5fe20d258>
#<MagicData:0x007fc0241d2518>
#<MagicData:0x007fc0241ffba8>
#<MagicData:0x007fc0241ff590>
#<MagicData:0x007fc0241fef78>
#<MagicData:0x007fc0241fe960>
#<MagicData:0x007fc024206318>
#<MagicData:0x007fc024205d00>
#<MagicData:0x007fc0242056e8>
#<MagicData:0x007fc0242050d0>
#<MagicData:0x007fc024204ab8>
#<MagicData:0x007fc0242044a0>
#<MagicData:0x007fc024203e88>
#<MagicData:0x007fc024203870>
#<MagicData:0x007fc024203258>
#<MagicData:0x007fc024202c40>
#<MagicData:0x007fc02420a620>
#<MagicData:0x007fc02420a008>
#<MagicData:0x007f846c373168>
#<MagicData:0x007f846c3f0eb0>
#<MagicData:0x007f846c3ef718>
#<MagicData:0x007f846c3f4e48>
#<MagicData:0x007f846c3f3520>
#<MagicData:0x007f846c3f82c8>
#<MagicData:0x007f846c3f78c8>
#<MagicData:0x007f846c3f6e28>
#<MagicData:0x007f846c3f61f8>
#<MagicData:0x007f846c3fd3b8>
#<MagicData:0x007f846c3fcaa8>
#<MagicData:0x007f846c3fbc70>
#<MagicData:0x007f846c3fafc8>
#<MagicData:0x007f846c3fa528>
#<MagicData:0x007f846c3f9d80>
#<MagicData:0x007f846c400fe0>
#<MagicData:0x007f846c4003d8>
#<MagicData:0x007fe5acc6dcb8>
#<MagicData:0x007fe5acc9b348>
#<MagicData:0x007fe5acc9ad30>
#<MagicData:0x007fe5acc9a718>
#<MagicData:0x007fe5acc9a100>
#<MagicData:0x007fe5acca1ab8>
#<MagicData:0x007fe5acca14a0>
#<MagicData:0x007fe5acca0e88>
#<MagicData:0x007fe5acca0870>
#<MagicData:0x007fe5acca0258>
#<MagicData:0x007fe5acc9fc40>
#<MagicData:0x007fe5acc9f628>
#<MagicData:0x007fe5acc9f010>
#<MagicData:0x007fe5acc9e9f8>
#<MagicData:0x007fe5acc9e3e0>
#<MagicData:0x007fe5acca5d98>
#<MagicData:0x007fe5acca5780>
#<MagicData:0x007fb2c4b735a8>
#<MagicData:0x007fb2c4bed1a0>
#<MagicData:0x007fb2c4beb8a0>
#<MagicData:0x007fb2c4bf0eb8>
#<MagicData:0x007fb2c4bef590>
#<MagicData:0x007fb2c4bf4540>
#<MagicData:0x007fb2c4bf3ac8>
#<MagicData:0x007fb2c4bf30c8>
#<MagicData:0x007fb2c4bf22e0>
#<MagicData:0x007fb2c4bf9658>
#<MagicData:0x007fb2c4bf8d48>
#<MagicData:0x007fb2c4bf7ec0>
#<MagicData:0x007fb2c4bf71f0>
#<MagicData:0x007fb2c4bf6778>
#<MagicData:0x007fb2c4bf6020>
#<MagicData:0x007fb2c4bfd2d0>
#<MagicData:0x007fb2c4bfc6c8>
#<MagicData:0x007f82951ddef8>
#<MagicData:0x007f829520b588>
#<MagicData:0x007f829520af70>
#<MagicData:0x007f829520a958>
#<MagicData:0x007f8295212310>
#<MagicData:0x007f8295211cf8>
#<MagicData:0x007f82952116e0>
#<MagicData:0x007f82952110c8>
#<MagicData:0x007f8295210ab0>
#<MagicData:0x007f8295210498>
#<MagicData:0x007f829520fe80>
#<MagicData:0x007f829520f868>
#<MagicData:0x007f829520f250>
#<MagicData:0x007f829520ec38>
#<MagicData:0x007f829520e620>
#<MagicData:0x007f8295215fd8>
#<MagicData:0x007f82952159c0>
#<MagicData:0x007fd5759d5768>
#<MagicData:0x007fd575a02df8>
#<MagicData:0x007fd575a027e0>
#<MagicData:0x007fd575a021c8>
#<MagicData:0x007fd575a09ba8>
#<MagicData:0x007fd575a09590>
#<MagicData:0x007fd575a08f78>
#<MagicData:0x007fd575a08960>
#<MagicData:0x007fd575a08348>
#<MagicData:0x007fd575a07d30>
#<MagicData:0x007fd575a07718>
#<MagicData:0x007fd575a07100>
#<MagicData:0x007fd575a06ae8>
#<MagicData:0x007fd575a064d0>
#<MagicData:0x007fd575a05eb8>
#<MagicData:0x007fd575a0d870>
#<MagicData:0x007fd575a0d258>
#<MagicData:0x007ffa241d94a0>
#<MagicData:0x007ffa24206b30>
#<MagicData:0x007ffa24206518>
#<MagicData:0x007ffa24205f00>
#<MagicData:0x007ffa242058e8>
#<MagicData:0x007ffa2420d2a0>
#<MagicData:0x007ffa2420cc88>
#<MagicData:0x007ffa2420c670>
#<MagicData:0x007ffa2420c058>
#<MagicData:0x007ffa2420ba40>
#<MagicData:0x007ffa2420b428>
#<MagicData:0x007ffa2420ae10>
#<MagicData:0x007ffa2420a7f8>
#<MagicData:0x007ffa2420a1e0>
#<MagicData:0x007ffa24209bc8>
#<MagicData:0x007ffa242115a8>
#<MagicData:0x007ffa24210f90>
#<MagicData:0x007fbfd2c71340>
#<MagicData:0x007fbfd2cef010>
#<MagicData:0x007fbfd2ced760>
#<MagicData:0x007fbfd2cf3138>
#<MagicData:0x007fbfd2cf1608>
#<MagicData:0x007fbfd2cf64a0>
#<MagicData:0x007fbfd2cf5aa0>
#<MagicData:0x007fbfd2cf5000>
#<MagicData:0x007fbfd2cf4240>
#<MagicData:0x007fbfd2cfb568>
#<MagicData:0x007fbfd2cfac80>
#<MagicData:0x007fbfd2cf9e20>
#<MagicData:0x007fbfd2cf9128>
#<MagicData:0x007fbfd2cf86b0>
#<MagicData:0x007fbfd2cf7f08>
#<MagicData:0x007fbfd2cff118>
#<MagicData:0x007fbfd2cfe538>
#<MagicData:0x007f999b13be38>
#<MagicData:0x007f999b1694c8>
#<MagicData:0x007f999b168eb0>
#<MagicData:0x007f999b168898>
#<MagicData:0x007f999b170250>
#<MagicData:0x007f999b16fc38>
#<MagicData:0x007f999b16f620>
#<MagicData:0x007f999b16f008>
#<MagicData:0x007f999b16e9f0>
#<MagicData:0x007f999b16e3d8>
#<MagicData:0x007f999b16ddc0>
#<MagicData:0x007f999b16d7a8>
#<MagicData:0x007f999b16d190>
#<MagicData:0x007f999b16cb78>
#<MagicData:0x007f999b174558>
#<MagicData:0x007f999b173f40>
#<MagicData:0x007f999b173928>
#<MagicData:0x007fbf7d1d65c0>
#<MagicData:0x007fbf7d203c28>
#<MagicData:0x007fbf7d203610>
#<MagicData:0x007fbf7d202ff8>
#<MagicData:0x007fbf7d20a9d8>
#<MagicData:0x007fbf7d20a3c0>
#<MagicData:0x007fbf7d209da8>
#<MagicData:0x007fbf7d209790>
#<MagicData:0x007fbf7d209178>
#<MagicData:0x007fbf7d208b60>
#<MagicData:0x007fbf7d208548>
#<MagicData:0x007fbf7d207f30>
#<MagicData:0x007fbf7d207918>
#<MagicData:0x007fbf7d207300>
#<MagicData:0x007fbf7d206ce8>
#<MagicData:0x007fbf7d20e6a0>
#<MagicData:0x007fbf7d20e088>
#<MagicData:0x007fc944b71758>
#<MagicData:0x007fc944beb3a0>
#<MagicData:0x007fc944be9aa0>
#<MagicData:0x007fc944bef0b8>
#<MagicData:0x007fc944bed790>
#<MagicData:0x007fc944bf2740>
#<MagicData:0x007fc944bf1cc8>
#<MagicData:0x007fc944bf12c8>
#<MagicData:0x007fc944bf04e0>
#<MagicData:0x007fc944bf7858>
#<MagicData:0x007fc944bf6f48>
#<MagicData:0x007fc944bf60c0>
#<MagicData:0x007fc944bf53f0>
#<MagicData:0x007fc944bf4978>
#<MagicData:0x007fc944bf4220>
#<MagicData:0x007fc944bfb4d0>
#<MagicData:0x007fc944bfa8c8>
#<MagicData:0x007f8f6ab35938>
#<MagicData:0x007f8f6b842ce8>
#<MagicData:0x007f8f6b842040>
#<MagicData:0x007f8f6b840858>
#<MagicData:0x007f8f6b847450>
#<MagicData:0x007f8f6b845290>
#<MagicData:0x007f8f6b844548>
#<MagicData:0x007f8f6c387428>
#<MagicData:0x007f8f6c3865f0>
#<MagicData:0x007f8f6c385a10>
#<MagicData:0x007f8f6c3852e0>
#<MagicData:0x007f8f6c384548>
#<MagicData:0x007f8f6c396fb8>
#<MagicData:0x007f8f6c396590>
#<MagicData:0x007f8f6c395f78>
#<MagicData:0x007f8f6c395960>
#<MagicData:0x007f8f6c395348>
#<MagicData:0x007f80f22dd618>
#<MagicData:0x007f80f11c7540>
#<MagicData:0x007f80f11c6820>
#<MagicData:0x007f80f11c5060>
#<MagicData:0x007f80f11cbc80>
#<MagicData:0x007f80f11c9a70>
#<MagicData:0x007f80f11c8d78>
#<MagicData:0x007f80f23ad868>
#<MagicData:0x007f80f23ac9e0>
#<MagicData:0x007f80f23abe78>
#<MagicData:0x007f80f23ab748>
#<MagicData:0x007f80f23aa938>
#<MagicData:0x007f80f23bb1e8>
#<MagicData:0x007f80f23ba7e8>
#<MagicData:0x007f80f23ba1d0>
#<MagicData:0x007f80f23b9bb8>
#<MagicData:0x007f80f23b95a0>
#<MagicData:0x007ffc8e93f980>
#<MagicData:0x007ffc8ea658f0>
#<MagicData:0x007ffc8ea64bd0>
#<MagicData:0x007ffc8ea63410>
#<MagicData:0x007ffc8ea6a030>
#<MagicData:0x007ffc8ea67e20>
#<MagicData:0x007ffc8ea67128>
#<MagicData:0x007ffc8ea6ea18>
#<MagicData:0x007ffc8ea6db90>
#<MagicData:0x007ffc8ea6d028>
#<MagicData:0x007ffc8ea6c8f8>
#<MagicData:0x007ffc8ea6bae8>
#<MagicData:0x007ffc8ea7a9a8>
#<MagicData:0x007ffc8ea79fa8>
#<MagicData:0x007ffc8ea79990>
#<MagicData:0x007ffc8ea79378>
#<MagicData:0x007ffc8ea78d60>
#<MagicData:0x007fd40a980770>
#<MagicData:0x007fd40b8eb6b0>
#<MagicData:0x007fd40b8ea9b8>
#<MagicData:0x007fd40b8e9220>
#<MagicData:0x007fd40b8efe18>
#<MagicData:0x007fd40b8edc30>
#<MagicData:0x007fd40b8ecf38>
#<MagicData:0x007fd40b8f4800>
#<MagicData:0x007fd40b8f3978>
#<MagicData:0x007fd40b8f2de8>
#<MagicData:0x007fd40b8f26b8>
#<MagicData:0x007fd40b8f1920>
#<MagicData:0x007fd40b9445a8>
#<MagicData:0x007fd40b943b80>
#<MagicData:0x007fd40b943568>
#<MagicData:0x007fd40b942f50>
#<MagicData:0x007fd40b942938>
#<MagicData:0x007fd32505a500>
#<MagicData:0x007fd3251f7840>
#<MagicData:0x007fd3251f69b8>
#<MagicData:0x007fd3251f5220>
#<MagicData:0x007fd3251fbee0>
#<MagicData:0x007fd3251f9c58>
#<MagicData:0x007fd3251f9050>
#<MagicData:0x007fd325200940>
#<MagicData:0x007fd3251ff9f0>
#<MagicData:0x007fd3251fef50>
#<MagicData:0x007fd3251fe7d0>
#<MagicData:0x007fd3251fd970>
#<MagicData:0x007fd3252104a8>
#<MagicData:0x007fd32520fad0>
#<MagicData:0x007fd32520f4b8>
#<MagicData:0x007fd32520eea0>
#<MagicData:0x007fd32520e888>
#<MagicData:0x007f97d5631400>
#<MagicData:0x007f97d61fc988>
#<MagicData:0x007f97d61fbba0>
#<MagicData:0x007f97d61fa4a8>
#<MagicData:0x007f97d6201050>
#<MagicData:0x007f97d61feeb8>
#<MagicData:0x007f97d61fe1c0>
#<MagicData:0x007f97d6205ab0>
#<MagicData:0x007f97d6204c00>
#<MagicData:0x007f97d62040c0>
#<MagicData:0x007f97d6203968>
#<MagicData:0x007f97d6202b80>
#<MagicData:0x007f97d6215618>
#<MagicData:0x007f97d6214c40>
#<MagicData:0x007f97d6214628>
#<MagicData:0x007f97d6214010>
#<MagicData:0x007f97d62139f8>
#<MagicData:0x007f922b3cb2b0>
#<MagicData:0x007f922b5c3e28>
#<MagicData:0x007f922b5c2f00>
#<MagicData:0x007f922b5c17e0>
#<MagicData:0x007f922b5c8220>
#<MagicData:0x007f922b5c6128>
#<MagicData:0x007f922b5c5638>
#<MagicData:0x007f922b5ccf50>
#<MagicData:0x007f922b5cbfd8>
#<MagicData:0x007f922b5cb560>
#<MagicData:0x007f922b5cade0>
#<MagicData:0x007f922b5c9ee0>
#<MagicData:0x007f922b5dcab8>
#<MagicData:0x007f922b5dc0e0>
#<MagicData:0x007f922b5dbac8>
#<MagicData:0x007f922b5db4b0>
#<MagicData:0x007f922b5dae98>
#<MagicData:0x007fb7c5b67d88>
#<MagicData:0x007fb7c5db46b8>
#<MagicData:0x007fb7c5db3998>
#<MagicData:0x007fb7c5db21d8>
#<MagicData:0x007fb7c5db8df8>
#<MagicData:0x007fb7c5db6be8>
#<MagicData:0x007fb7c5db5ef0>
#<MagicData:0x007fb7c5dbd7b8>
#<MagicData:0x007fb7c5dbc930>
#<MagicData:0x007fb7c5dbbdc8>
#<MagicData:0x007fb7c5dbb698>
#<MagicData:0x007fb7c5dba888>
#<MagicData:0x007fb7c5dcd348>
#<MagicData:0x007fb7c5dcc948>
#<MagicData:0x007fb7c5dcc330>
#<MagicData:0x007fb7c5dcbd18>
#<MagicData:0x007fb7c5dcb700>
#<MagicData:0x007ffa2a79a550>
#<MagicData:0x007ffa2b1fdad8>
#<MagicData:0x007ffa2b1fccf0>
#<MagicData:0x007ffa2b1fb5f8>
#<MagicData:0x007ffa2b2021c8>
#<MagicData:0x007ffa2b200030>
#<MagicData:0x007ffa2b1ff338>
#<MagicData:0x007ffa2b206c00>
#<MagicData:0x007ffa2b205d50>
#<MagicData:0x007ffa2b205210>
#<MagicData:0x007ffa2b204ab8>
#<MagicData:0x007ffa2b203cd0>
#<MagicData:0x007ffa2b216768>
#<MagicData:0x007ffa2b215d90>
#<MagicData:0x007ffa2b215778>
#<MagicData:0x007ffa2b215160>
#<MagicData:0x007ffa2b214b48>
#<MagicData:0x007fd3f3ac8d60>
#<MagicData:0x007fd3f3cc0c80>
#<MagicData:0x007fd3f3cbff60>
#<MagicData:0x007fd3f3cbe7a0>
#<MagicData:0x007fd3f3cc53e8>
#<MagicData:0x007fd3f3cc31d8>
#<MagicData:0x007fd3f3cc24e0>
#<MagicData:0x007fd3f3cc9da8>
#<MagicData:0x007fd3f3cc8f20>
#<MagicData:0x007fd3f3cc83b8>
#<MagicData:0x007fd3f3cc7c88>
#<MagicData:0x007fd3f3cc6e78>
#<MagicData:0x007fd3f3cd9910>
#<MagicData:0x007fd3f3cd8f10>
#<MagicData:0x007fd3f3cd88f8>
#<MagicData:0x007fd3f3cd82e0>
#<MagicData:0x007fd3f3cd7cc8>
#<MagicData:0x007ff05ae32bd0>
#<MagicData:0x007ff05b9fa940>
#<MagicData:0x007ff05b9f9b58>
#<MagicData:0x007ff05b9f8460>
#<MagicData:0x007ff05b9ff008>
#<MagicData:0x007ff05b9fce70>
#<MagicData:0x007ff05b9fc178>
#<MagicData:0x007ff05ba03a68>
#<MagicData:0x007ff05ba02bb8>
#<MagicData:0x007ff05ba02078>
#<MagicData:0x007ff05ba01920>
#<MagicData:0x007ff05ba00b38>
#<MagicData:0x007ff05ba135d0>
#<MagicData:0x007ff05ba12bf8>
#<MagicData:0x007ff05ba125e0>
#<MagicData:0x007ff05ba11fc8>
#<MagicData:0x007ff05ba119b0>
#<MagicData:0x007ffda6b96ff8>
#<MagicData:0x007ffda6c2ab68>
#<MagicData:0x007ffda6c29e70>
#<MagicData:0x007ffda6c286d8>
#<MagicData:0x007ffda6c2f2a8>
#<MagicData:0x007ffda6c2d0c0>
#<MagicData:0x007ffda6c2c3c8>
#<MagicData:0x007ffda6c33cb8>
#<MagicData:0x007ffda6c32e30>
#<MagicData:0x007ffda6c322a0>
#<MagicData:0x007ffda6c31b70>
#<MagicData:0x007ffda6c30dd8>
#<MagicData:0x007ffda6c43848>
#<MagicData:0x007ffda6c42e20>
#<MagicData:0x007ffda6c42808>
#<MagicData:0x007ffda6c421f0>
#<MagicData:0x007ffda6c41bd8>
#<MagicData:0x007fd1c9aa28a8>
#<MagicData:0x007fd1c9b363f0>
#<MagicData:0x007fd1c9b354c8>
#<MagicData:0x007fd1c9b33da8>
#<MagicData:0x007fd1c9b3a7e8>
#<MagicData:0x007fd1c9b386f0>
#<MagicData:0x007fd1c9b37c00>
#<MagicData:0x007fd1c9b3f4f0>
#<MagicData:0x007fd1c9b3e578>
#<MagicData:0x007fd1c9b3db00>
#<MagicData:0x007fd1c9b3d380>
#<MagicData:0x007fd1c9b3c480>
#<MagicData:0x007fd1c9b4f058>
#<MagicData:0x007fd1c9b4e680>
#<MagicData:0x007fd1c9b4e068>
#<MagicData:0x007fd1c9b4da50>
#<MagicData:0x007fd1c9b4d438>
#<MagicData:0x007fe98a923d28>
#<MagicData:0x007fe98adb8488>
#<MagicData:0x007fe98adb7768>
#<MagicData:0x007fe98adb5fa8>
#<MagicData:0x007fe98adbcbf0>
#<MagicData:0x007fe98adba9e0>
#<MagicData:0x007fe98adb9ce8>
#<MagicData:0x007fe98adc15b0>
#<MagicData:0x007fe98adc0728>
#<MagicData:0x007fe98adbfbc0>
#<MagicData:0x007fe98adbf490>
#<MagicData:0x007fe98adbe680>
#<MagicData:0x007fe98add1140>
#<MagicData:0x007fe98add0740>
#<MagicData:0x007fe98add0128>
#<MagicData:0x007fe98adcfb10>
#<MagicData:0x007fe98adcf4f8>
#<MagicData:0x007fdfa26334e8>
#<MagicData:0x007fdfa31fb208>
#<MagicData:0x007fdfa31fa1a0>
#<MagicData:0x007fdfa31f8b70>
#<MagicData:0x007fdfa31ff5d8>
#<MagicData:0x007fdfa31fd4b8>
#<MagicData:0x007fdfa31fca40>
#<MagicData:0x007fdfa32042e0>
#<MagicData:0x007fdfa3203368>
#<MagicData:0x007fdfa3202940>
#<MagicData:0x007fdfa3202198>
#<MagicData:0x007fdfa32012c0>
#<MagicData:0x007fdfa3213df8>
#<MagicData:0x007fdfa3213498>
#<MagicData:0x007fdfa3212e80>
#<MagicData:0x007fdfa3212868>
#<MagicData:0x007fdfa3212250>
#<MagicData:0x007f92bcb99dc0>
#<MagicData:0x007f92bcc2d930>
#<MagicData:0x007f92bcc2cc10>
#<MagicData:0x007f92bcc2b450>
#<MagicData:0x007f92bcc32070>
#<MagicData:0x007f92bcc2fe60>
#<MagicData:0x007f92bcc2f168>
#<MagicData:0x007f92bcc36a30>
#<MagicData:0x007f92bcc35ba8>
#<MagicData:0x007f92bcc35040>
#<MagicData:0x007f92bcc34910>
#<MagicData:0x007f92bcc33b00>
#<MagicData:0x007f92bcc465c0>
#<MagicData:0x007f92bcc45bc0>
#<MagicData:0x007f92bcc455a8>
#<MagicData:0x007f92bcc44f90>
#<MagicData:0x007f92bcc44978>
#<MagicData:0x007f8d51f9c730>
#<MagicData:0x007f8d529f9e30>
#<MagicData:0x007f8d529f9110>
#<MagicData:0x007f8d529f7950>
#<MagicData:0x007f8d529fe598>
#<MagicData:0x007f8d529fc388>
#<MagicData:0x007f8d529fb690>
#<MagicData:0x007f8d52a02f58>
#<MagicData:0x007f8d52a020d0>
#<MagicData:0x007f8d52a01568>
#<MagicData:0x007f8d52a00e38>
#<MagicData:0x007f8d52a00028>
#<MagicData:0x007f8d52a12ac0>
#<MagicData:0x007f8d52a120c0>
#<MagicData:0x007f8d52a11aa8>
#<MagicData:0x007f8d52a11490>
#<MagicData:0x007f8d52a10e78>
#<MagicData:0x007f8c8bd664f0>
#<MagicData:0x007f8c8c9ffa68>
#<MagicData:0x007f8c8c9fec80>
#<MagicData:0x007f8c8c9fd588>
#<MagicData:0x007f8c8ca04130>
#<MagicData:0x007f8c8ca01f98>
#<MagicData:0x007f8c8ca012a0>
#<MagicData:0x007f8c8ca08b68>
#<MagicData:0x007f8c8ca07cb8>
#<MagicData:0x007f8c8ca07178>
#<MagicData:0x007f8c8ca06a20>
#<MagicData:0x007f8c8ca05c38>
#<MagicData:0x007f8c8ca186d0>
#<MagicData:0x007f8c8ca17cf8>
#<MagicData:0x007f8c8ca176e0>
#<MagicData:0x007f8c8ca170c8>
#<MagicData:0x007f8c8ca16ab0>
#<MagicData:0x007ffd5de2fbf0>
#<MagicData:0x007ffd5e9faf70>
#<MagicData:0x007ffd5e9fa188>
#<MagicData:0x007ffd5e9f8a90>
#<MagicData:0x007ffd5e9ff660>
#<MagicData:0x007ffd5e9fd4c8>
#<MagicData:0x007ffd5e9fc7d0>
#<MagicData:0x007ffd5ea04098>
#<MagicData:0x007ffd5ea031e8>
#<MagicData:0x007ffd5ea026a8>
#<MagicData:0x007ffd5ea01f50>
#<MagicData:0x007ffd5ea01168>
#<MagicData:0x007ffd5ea13bd8>
#<MagicData:0x007ffd5ea13200>
#<MagicData:0x007ffd5ea12be8>
#<MagicData:0x007ffd5ea125d0>
#<MagicData:0x007ffd5ea11fb8>
#<MagicData:0x007fe40390f490>
#<MagicData:0x007fe403da4028>
#<MagicData:0x007fe403da3330>
#<MagicData:0x007fe403da1b98>
#<MagicData:0x007fe403da8768>
#<MagicData:0x007fe403da6580>
#<MagicData:0x007fe403da5888>
#<MagicData:0x007fe403dad178>
#<MagicData:0x007fe403dac2f0>
#<MagicData:0x007fe403dab760>
#<MagicData:0x007fe403dab030>
#<MagicData:0x007fe403daa298>
#<MagicData:0x007fe403dbcd08>
#<MagicData:0x007fe403dbc2e0>
#<MagicData:0x007fe403dbbcc8>
#<MagicData:0x007fe403dbb6b0>
#<MagicData:0x007fe403dbb098>
#<MagicData:0x007fd60bafcfd8>
#<MagicData:0x007fd60bf91d50>
#<MagicData:0x007fd60bf90f68>
#<MagicData:0x007fd60bf8f870>
#<MagicData:0x007fd60bf96440>
#<MagicData:0x007fd60bf942a8>
#<MagicData:0x007fd60bf935b0>
#<MagicData:0x007fd60bf9ae78>
#<MagicData:0x007fd60bf99fc8>
#<MagicData:0x007fd60bf99488>
#<MagicData:0x007fd60bf98d30>
#<MagicData:0x007fd60bf97f48>
#<MagicData:0x007fd60bfaa9e0>
#<MagicData:0x007fd60bfaa008>
#<MagicData:0x007fd60bfa99f0>
#<MagicData:0x007fd60bfa93d8>
#<MagicData:0x007fd60bfa8dc0>
#<MagicData:0x007fd51b63b760>
#<MagicData:0x007fd51c2000f0>
#<MagicData:0x007fd51c1fe660>
#<MagicData:0x007fd51c2056e0>
#<MagicData:0x007fd51c203778>
#<MagicData:0x007fd51c2020d0>
#<MagicData:0x007fd51c2019f0>
#<MagicData:0x007fd51c208e08>
#<MagicData:0x007fd51c207f80>
#<MagicData:0x007fd51c207968>
#<MagicData:0x007fd51c206db0>
#<MagicData:0x007fd51c205e10>
#<MagicData:0x007fd51c218ad8>
#<MagicData:0x007fd51c2184c0>
#<MagicData:0x007fd51c217ea8>
#<MagicData:0x007fd51c217890>
#<MagicData:0x007fd51c217278>
#<MagicData:0x007fc2eae34ab8>
#<MagicData:0x007fc2eb9fb220>
#<MagicData:0x007fc2eb9fa3e8>
#<MagicData:0x007fc2eb9f8cc8>
#<MagicData:0x007fc2eb9ff8e8>
#<MagicData:0x007fc2eb9fd700>
#<MagicData:0x007fc2eb9fca58>
#<MagicData:0x007fc2eba04348>
#<MagicData:0x007fc2eba03420>
#<MagicData:0x007fc2eba02958>
#<MagicData:0x007fc2eba021d8>
#<MagicData:0x007fc2eba01378>
#<MagicData:0x007fc2eba13eb0>
#<MagicData:0x007fc2eba134d8>
#<MagicData:0x007fc2eba12ec0>
#<MagicData:0x007fc2eba128a8>
#<MagicData:0x007fc2eba12290>
#<MagicData:0x007fe42269f5b0>
#<MagicData:0x007fe423a64cd0>
#<MagicData:0x007fe423a63e98>
#<MagicData:0x007fe423a62778>
#<MagicData:0x007fe423a693c0>
#<MagicData:0x007fe423a671d8>
#<MagicData:0x007fe423a66530>
#<MagicData:0x007fe423a6ddf8>
#<MagicData:0x007fe423a6ced0>
#<MagicData:0x007fe423a6c408>
#<MagicData:0x007fe423a6bc88>
#<MagicData:0x007fe423a6ae28>
#<MagicData:0x007fe423a7d938>
#<MagicData:0x007fe423a7cf60>
#<MagicData:0x007fe423a7c948>
#<MagicData:0x007fe423a7c330>
#<MagicData:0x007fe423a7bd18>
#<MagicData:0x007f949d39b370>
#<MagicData:0x007f949d42eee0>
#<MagicData:0x007f949d42e0a8>
#<MagicData:0x007f949d42c988>
#<MagicData:0x007f949d4335a8>
#<MagicData:0x007f949d4313c0>
#<MagicData:0x007f949d430718>
#<MagicData:0x007f949d437fe0>
#<MagicData:0x007f949d4370b8>
#<MagicData:0x007f949d4365f0>
#<MagicData:0x007f949d435e70>
#<MagicData:0x007f949d435010>
#<MagicData:0x007f949d447b48>
#<MagicData:0x007f949d447170>
#<MagicData:0x007f949d446b58>
#<MagicData:0x007f949d446540>
#<MagicData:0x007f949d445f28>
#<MagicData:0x007ff58263b760>
#<MagicData:0x007ff5832000f0>
#<MagicData:0x007ff5831fe660>
#<MagicData:0x007ff5832056e0>
#<MagicData:0x007ff583203778>
#<MagicData:0x007ff5832020d0>
#<MagicData:0x007ff5832019f0>
#<MagicData:0x007ff583208e08>
#<MagicData:0x007ff583207f80>
#<MagicData:0x007ff583207968>
#<MagicData:0x007ff583206db0>
#<MagicData:0x007ff583205e10>
#<MagicData:0x007ff583218ad8>
#<MagicData:0x007ff5832184c0>
#<MagicData:0x007ff583217ea8>
#<MagicData:0x007ff583217890>
#<MagicData:0x007ff583217278>
#<MagicData:0x007fbf516e6ca8>
#<MagicData:0x007fbf52aa8228>
#<MagicData:0x007fbf52aa79b8>
#<MagicData:0x007fbf52aa5f28>
#<MagicData:0x007fbf52aacfd0>
#<MagicData:0x007fbf52aab090>
#<MagicData:0x007fbf52aa9a88>
#<MagicData:0x007fbf52ab1378>
#<MagicData:0x007fbf52ab0720>
#<MagicData:0x007fbf52aaf960>
#<MagicData:0x007fbf52aaf2f8>
#<MagicData:0x007fbf52aae628>
#<MagicData:0x007fbf52ac0738>
#<MagicData:0x007fbf52abfae0>
#<MagicData:0x007fbf52abf4c8>
#<MagicData:0x007fbf52abeeb0>
#<MagicData:0x007fbf52abe898>
#<MagicData:0x007ffab5b7ebe0>
#<MagicData:0x007ffab5c12750>
#<MagicData:0x007ffab5c11a30>
#<MagicData:0x007ffab5c10270>
#<MagicData:0x007ffab5c16eb8>
#<MagicData:0x007ffab5c14ca8>
#<MagicData:0x007ffab5c13fb0>
#<MagicData:0x007ffab5c1b878>
#<MagicData:0x007ffab5c1a9f0>
#<MagicData:0x007ffab5c19e88>
#<MagicData:0x007ffab5c19758>
#<MagicData:0x007ffab5c18948>
#<MagicData:0x007ffab5c2b408>
#<MagicData:0x007ffab5c2aa08>
#<MagicData:0x007ffab5c2a3f0>
#<MagicData:0x007ffab5c29dd8>
#<MagicData:0x007ffab5c297c0>
#<MagicData:0x007f9f72912ad0>
#<MagicData:0x007f9f72a8c460>
#<MagicData:0x007f9f72a8b678>
#<MagicData:0x007f9f72a89f80>
#<MagicData:0x007f9f72a90b50>
#<MagicData:0x007f9f72a8e9b8>
#<MagicData:0x007f9f72a8dcc0>
#<MagicData:0x007f9f72a95588>
#<MagicData:0x007f9f72a946d8>
#<MagicData:0x007f9f72a93b98>
#<MagicData:0x007f9f72a93440>
#<MagicData:0x007f9f72a92658>
#<MagicData:0x007f9f72aa50f0>
#<MagicData:0x007f9f72aa4718>
#<MagicData:0x007f9f72aa4100>
#<MagicData:0x007f9f72aa3ae8>
#<MagicData:0x007f9f72aa34d0>
#<MagicData:0x007fdb1b75fed8>
#<MagicData:0x007fdb1c162070>
#<MagicData:0x007fdb1c161288>
#<MagicData:0x007fdb1c15fb90>
#<MagicData:0x007fdb1c166738>
#<MagicData:0x007fdb1c1645a0>
#<MagicData:0x007fdb1c1638a8>
#<MagicData:0x007fdb1c16b198>
#<MagicData:0x007fdb1c16a2e8>
#<MagicData:0x007fdb1c1697a8>
#<MagicData:0x007fdb1c169050>
#<MagicData:0x007fdb1c168268>
#<MagicData:0x007fdb1c17ad00>
#<MagicData:0x007fdb1c17a328>
#<MagicData:0x007fdb1c179d10>
#<MagicData:0x007fdb1c1796f8>
#<MagicData:0x007fdb1c1790e0>
#<MagicData:0x007fd6c1f9c730>
#<MagicData:0x007fd6c29f9e30>
#<MagicData:0x007fd6c29f9110>
#<MagicData:0x007fd6c29f7950>
#<MagicData:0x007fd6c29fe598>
#<MagicData:0x007fd6c29fc388>
#<MagicData:0x007fd6c29fb690>
#<MagicData:0x007fd6c2a02f58>
#<MagicData:0x007fd6c2a020d0>
#<MagicData:0x007fd6c2a01568>
#<MagicData:0x007fd6c2a00e38>
#<MagicData:0x007fd6c2a00028>
#<MagicData:0x007fd6c2a12ac0>
#<MagicData:0x007fd6c2a120c0>
#<MagicData:0x007fd6c2a11aa8>
#<MagicData:0x007fd6c2a11490>
#<MagicData:0x007fd6c2a10e78>
#<MagicData:0x007fcd025608c0>
#<MagicData:0x007fcd031fa040>
#<MagicData:0x007fcd031f9258>
#<MagicData:0x007fcd031f7b60>
#<MagicData:0x007fcd031fe708>
#<MagicData:0x007fcd031fc570>
#<MagicData:0x007fcd031fb878>
#<MagicData:0x007fcd03203140>
#<MagicData:0x007fcd03202290>
#<MagicData:0x007fcd03201750>
#<MagicData:0x007fcd03200ff8>
#<MagicData:0x007fcd03200210>
#<MagicData:0x007fcd03212ca8>
#<MagicData:0x007fcd032122d0>
#<MagicData:0x007fcd03211cb8>
#<MagicData:0x007fcd032116a0>
#<MagicData:0x007fcd03211088>
#<MagicData:0x007f8063e3b3f0>
#<MagicData:0x007f80649ff4c0>
#<MagicData:0x007f80649fde90>
#<MagicData:0x007f8064a048f8>
#<MagicData:0x007f8064a027d8>
#<MagicData:0x007f8064a01d60>
#<MagicData:0x007f8064a09600>
#<MagicData:0x007f8064a08688>
#<MagicData:0x007f8064a07c60>
#<MagicData:0x007f8064a074b8>
#<MagicData:0x007f8064a065e0>
#<MagicData:0x007f8064a19118>
#<MagicData:0x007f8064a187b8>
#<MagicData:0x007f8064a181a0>
#<MagicData:0x007f8064a17b88>
#<MagicData:0x007f8064a17570>
#<MagicData:0x007f8064a16f58>
#<MagicData:0x007f8064a16940>
#<MagicData:0x007fdeda385a20>
#<MagicData:0x007fdeda4ff540>
#<MagicData:0x007fdeda5065c0>
#<MagicData:0x007fdeda504658>
#<MagicData:0x007fdeda502fb0>
#<MagicData:0x007fdeda50a8a0>
#<MagicData:0x007fdeda509ce8>
#<MagicData:0x007fdeda508e60>
#<MagicData:0x007fdeda508848>
#<MagicData:0x007fdeda507c90>
#<MagicData:0x007fdeda506cf0>
#<MagicData:0x007fdeda5199b8>
#<MagicData:0x007fdeda5193a0>
#<MagicData:0x007fdeda518d88>
#<MagicData:0x007fdeda518770>
#<MagicData:0x007fdeda518158>
#<MagicData:0x007fdeda517b40>
#<MagicData:0x007fdeda517528>
#<MagicData:0x007fdeda516f10>
#<MagicData:0x007fdeda5168f8>
#<MagicData:0x007f931b6308e8>
#<MagicData:0x007f931c1fab38>
#<MagicData:0x007f931c201af0>
#<MagicData:0x007f931c1ffca0>
#<MagicData:0x007f931c1fe4e0>
#<MagicData:0x007f931c1fde00>
#<MagicData:0x007f931c205290>
#<MagicData:0x007f931c204390>
#<MagicData:0x007f931c203d78>
#<MagicData:0x007f931c2031e8>
#<MagicData:0x007f931c2022c0>
#<MagicData:0x007f931c214f10>
#<MagicData:0x007f931c2148f8>
#<MagicData:0x007f931c2142e0>
#<MagicData:0x007f931c213cc8>
#<MagicData:0x007f931c2136b0>
#<MagicData:0x007f931c213098>
#<MagicData:0x007f931c212a80>
#<MagicData:0x007f931c212468>
#<MagicData:0x007f931c211e50>
#<MagicData:0x007fd58be3a928>
#<MagicData:0x007fd58ca05640>
#<MagicData:0x007fd58ca03728>
#<MagicData:0x007fd58ca02080>
#<MagicData:0x007fd58ca01978>
#<MagicData:0x007fd58ca08d68>
#<MagicData:0x007fd58ca07f30>
#<MagicData:0x007fd58ca07918>
#<MagicData:0x007fd58ca06cc0>
#<MagicData:0x007fd58ca05d20>
#<MagicData:0x007fd58ca18a88>
#<MagicData:0x007fd58ca18470>
#<MagicData:0x007fd58ca17e58>
#<MagicData:0x007fd58ca17840>
#<MagicData:0x007fd58ca17228>
#<MagicData:0x007fd58ca16c10>
#<MagicData:0x007fd58ca165f8>
#<MagicData:0x007fd58ca15fe0>
#<MagicData:0x007fd58ca159c8>
#<MagicData:0x007fd58ca15338>
#<MagicData:0x007fd58ca20300>
#<MagicData:0x007fa435148ff8>
#<MagicData:0x007fa4351fa230>
#<MagicData:0x007fa435200ef0>
#<MagicData:0x007fa4351fec68>
#<MagicData:0x007fa4351fe060>
#<MagicData:0x007fa435205978>
#<MagicData:0x007fa435204a28>
#<MagicData:0x007fa435203f88>
#<MagicData:0x007fa435203808>
#<MagicData:0x007fa4352029a8>
#<MagicData:0x007fa4352154e0>
#<MagicData:0x007fa435214b08>
#<MagicData:0x007fa4352144f0>
#<MagicData:0x007fa435213ed8>
#<MagicData:0x007fa4352138c0>
#<MagicData:0x007fa4352132a8>
#<MagicData:0x007fa435212c90>
#<MagicData:0x007fa435212678>
#<MagicData:0x007fa435212060>
#<MagicData:0x007fa435211a48>
#<MagicData:0x007fa43521c998>
#<MagicData:0x007fd042407b20>
#<MagicData:0x007fd042605238>
#<MagicData:0x007fd042603320>
#<MagicData:0x007fd042601c78>
#<MagicData:0x007fd042609568>
#<MagicData:0x007fd042608988>
#<MagicData:0x007fd042607b28>
#<MagicData:0x007fd042607510>
#<MagicData:0x007fd0426068b8>
#<MagicData:0x007fd042605918>
#<MagicData:0x007fd0426186a8>
#<MagicData:0x007fd042618090>
#<MagicData:0x007fd042617a78>
#<MagicData:0x007fd042617460>
#<MagicData:0x007fd042616e48>
#<MagicData:0x007fd042616830>
#<MagicData:0x007fd042616218>
#<MagicData:0x007fd042615c00>
#<MagicData:0x007fd0426155e8>
#<MagicData:0x007fd0426204e8>
#<MagicData:0x007fd04261fed0>
#<MagicData:0x007fd04261f7f0>
INSTANCE	i-4e8a8b27	running	stopping
#<MagicData:0x007fb016628720>
#<MagicData:0x007fb0171f5878>
#<MagicData:0x007fb0171f3960>
#<MagicData:0x007fb0171f2290>
#<MagicData:0x007fb0171f9b80>
#<MagicData:0x007fb0171f9018>
#<MagicData:0x007fb0171f8140>
#<MagicData:0x007fb0171f7b28>
#<MagicData:0x007fb0171f6f98>
#<MagicData:0x007fb0171f5fd0>
#<MagicData:0x007fb017208cc0>
#<MagicData:0x007fb0172086a8>
#<MagicData:0x007fb017208090>
#<MagicData:0x007fb017207a78>
#<MagicData:0x007fb017207460>
#<MagicData:0x007fb017206e48>
#<MagicData:0x007fb017206830>
#<MagicData:0x007fb017206218>
#<MagicData:0x007fb017205c00>
#<MagicData:0x007fb017210b50>
#<MagicData:0x007fb017210538>
#<MagicData:0x007fb01720fea8>
INSTANCE	i-8339d4e2	running	stopping
INSTANCE	i-ba8c8dd3	running	stopping
#<MagicData:0x007fbaec65f320>
#<MagicData:0x007fbaed1ff860>
#<MagicData:0x007fbaed1fda10>
#<MagicData:0x007fbaed1fc250>
#<MagicData:0x007fbaed203b40>
#<MagicData:0x007fbaed202fd8>
#<MagicData:0x007fbaed2020d8>
#<MagicData:0x007fbaed201ac0>
#<MagicData:0x007fbaed200f30>
#<MagicData:0x007fbaed200008>
#<MagicData:0x007fbaed212c30>
#<MagicData:0x007fbaed212618>
#<MagicData:0x007fbaed212000>
#<MagicData:0x007fbaed2119e8>
#<MagicData:0x007fbaed2113d0>
#<MagicData:0x007fbaed210db8>
#<MagicData:0x007fbaed2107a0>
#<MagicData:0x007fbaed210188>
#<MagicData:0x007fbaed20fb70>
#<MagicData:0x007fbaed21aac0>
#<MagicData:0x007fbaed21a4a8>
#<MagicData:0x007fbaed219e18>
#<MagicData:0x007f8e0f739480>
#<MagicData:0x007f8e0f7f2e58>
#<MagicData:0x007f8e0f7f0c70>
#<MagicData:0x007f8e0f7effc8>
#<MagicData:0x007f8e0f7f78b8>
#<MagicData:0x007f8e0f7f6990>
#<MagicData:0x007f8e0f7f5ec8>
#<MagicData:0x007f8e0f7f5748>
#<MagicData:0x007f8e0f7f48e8>
#<MagicData:0x007f8e1080f818>
#<MagicData:0x007f8e1080ee40>
#<MagicData:0x007f8e1080e828>
#<MagicData:0x007f8e1080e210>
#<MagicData:0x007f8e1080dbf8>
#<MagicData:0x007f8e1080d5e0>
#<MagicData:0x007f8e1080cfc8>
#<MagicData:0x007f8e1080c9b0>
#<MagicData:0x007f8e1080c398>
#<MagicData:0x007f8e1080bd80>
#<MagicData:0x007f8e10816cd0>
#<MagicData:0x007f8e108166b8>
#<MagicData:0x007f8e10815fd8>
#<MagicData:0x007f8e108159c0>
INSTANCE	i-70d00e1c	running	stopping
#<MagicData:0x007f872b5dd9c8>
#<MagicData:0x007f872c1fe9a0>
#<MagicData:0x007f872c1fd1e0>
#<MagicData:0x007f872c204ad0>
#<MagicData:0x007f872c203f68>
#<MagicData:0x007f872c203068>
#<MagicData:0x007f872c202a50>
#<MagicData:0x007f872c201ec0>
#<MagicData:0x007f872c200f98>
#<MagicData:0x007f872c213be8>
#<MagicData:0x007f872c2135d0>
#<MagicData:0x007f872c212fb8>
#<MagicData:0x007f872c2129a0>
#<MagicData:0x007f872c212388>
#<MagicData:0x007f872c211d70>
#<MagicData:0x007f872c211758>
#<MagicData:0x007f872c211140>
#<MagicData:0x007f872c210b28>
#<MagicData:0x007f872c21ba78>
#<MagicData:0x007f872c21b460>
#<MagicData:0x007f872c21add0>
#<MagicData:0x007f872c21a768>
#<MagicData:0x007f872c21a150>
#<MagicData:0x007f872c219868>
#<MagicData:0x007f9791e317e8>
#<MagicData:0x007f97929ff0c0>
#<MagicData:0x007f97929fe418>
#<MagicData:0x007f9792a05ce0>
#<MagicData:0x007f9792a04db8>
#<MagicData:0x007f9792a042f0>
#<MagicData:0x007f9792a03b70>
#<MagicData:0x007f9792a02d10>
#<MagicData:0x007f9792a15820>
#<MagicData:0x007f9792a14e48>
#<MagicData:0x007f9792a14830>
#<MagicData:0x007f9792a14218>
#<MagicData:0x007f9792a13c00>
#<MagicData:0x007f9792a135e8>
#<MagicData:0x007f9792a12fd0>
#<MagicData:0x007f9792a129b8>
#<MagicData:0x007f9792a123a0>
#<MagicData:0x007f9792a11d88>
#<MagicData:0x007f9792a1cc88>
#<MagicData:0x007f9792a1c670>
#<MagicData:0x007f9792a1bf90>
#<MagicData:0x007f9792a1b978>
#<MagicData:0x007f9792a1b2e8>
#<MagicData:0x007f9792a1a398>
#<MagicData:0x007f9792a19d80>
INSTANCE	i-a84f4ac2	running	stopping
#<MagicData:0x007fa172b3e5f0>
#<MagicData:0x007fa172c5c310>
#<MagicData:0x007fa172c63c00>
#<MagicData:0x007fa172c62cb0>
#<MagicData:0x007fa172c62210>
#<MagicData:0x007fa172c61a90>
#<MagicData:0x007fa172c60c30>
#<MagicData:0x007fa172c73768>
#<MagicData:0x007fa172c72d90>
#<MagicData:0x007fa172c72778>
#<MagicData:0x007fa172c72160>
#<MagicData:0x007fa172c71b48>
#<MagicData:0x007fa172c71530>
#<MagicData:0x007fa172c70f18>
#<MagicData:0x007fa172c70900>
#<MagicData:0x007fa172c702e8>
#<MagicData:0x007fa172c6fcd0>
#<MagicData:0x007fa172c7ac20>
#<MagicData:0x007fa172c7a608>
#<MagicData:0x007fa172c79f28>
#<MagicData:0x007fa172c79910>
#<MagicData:0x007fa172c79280>
#<MagicData:0x007fa172c783a8>
#<MagicData:0x007fa172c77d18>
#<MagicData:0x007fa172c776d8>
#<MagicData:0x007fa172c8f8a0>
#<MagicData:0x007fa172c8f170>
#<MagicData:0x007ffab788c7f0>
#<MagicData:0x007ffab40134c8>
#<MagicData:0x007ffab401ad40>
#<MagicData:0x007ffab4019dc8>
#<MagicData:0x007ffab40193c8>
#<MagicData:0x007ffab4018bf8>
#<MagicData:0x007ffab4017ca8>
#<MagicData:0x007ffab40528a8>
#<MagicData:0x007ffab4051f48>
#<MagicData:0x007ffab4051930>
#<MagicData:0x007ffab4051318>
#<MagicData:0x007ffab4050d00>
#<MagicData:0x007ffab40506e8>
#<MagicData:0x007ffab40500d0>
#<MagicData:0x007ffab404fab8>
#<MagicData:0x007ffab404f4a0>
#<MagicData:0x007ffab404ee60>
#<MagicData:0x007ffab40567f0>
#<MagicData:0x007ffab40561d8>
#<MagicData:0x007ffab4055af8>
#<MagicData:0x007ffab40554e0>
#<MagicData:0x007ffab4054e50>
#<MagicData:0x007ffab4053f00>
#<MagicData:0x007ffab40538e8>
#<MagicData:0x007ffab40532a8>
#<MagicData:0x007ffab4052c90>
#<MagicData:0x007ffab40feb30>
#<MagicData:0x007fac3a8c8848>
#<MagicData:0x007fac3aa6c910>
#<MagicData:0x007fac3aa6bcb8>
#<MagicData:0x007fac3aa6aef8>
#<MagicData:0x007fac3aa6a890>
#<MagicData:0x007fac3aa69bc0>
#<MagicData:0x007fac3aa68ce8>
#<MagicData:0x007fac3aa7ba50>
#<MagicData:0x007fac3aa7b438>
#<MagicData:0x007fac3aa7ae20>
#<MagicData:0x007fac3aa7a808>
#<MagicData:0x007fac3aa7a1f0>
#<MagicData:0x007fac3aa79bd8>
#<MagicData:0x007fac3aa795c0>
#<MagicData:0x007fac3aa78fa8>
#<MagicData:0x007fac3aa78990>
#<MagicData:0x007fac3aa83890>
#<MagicData:0x007fac3aa83278>
#<MagicData:0x007fac3aa82b98>
#<MagicData:0x007fac3aa82580>
#<MagicData:0x007fac3aa81f68>
#<MagicData:0x007fac3aa81428>
#<MagicData:0x007fac3aa80988>
#<MagicData:0x007fac3aa80348>
#<MagicData:0x007fac3aa7fd30>
#<MagicData:0x007fac3aa97de0>
#<MagicData:0x007fac3aa977c8>
#<MagicData:0x007fac3aa971b0>
INSTANCE	i-16c1e47a	running	stopping
#<MagicData:0x007fe933b27770>
#<MagicData:0x007fe933d92b40>
#<MagicData:0x007fe933d91c40>
#<MagicData:0x007fe933d91628>
#<MagicData:0x007fe933d90a98>
#<MagicData:0x007fe933d8fb70>
#<MagicData:0x007fe933da27c0>
#<MagicData:0x007fe933da21a8>
#<MagicData:0x007fe933da1b90>
#<MagicData:0x007fe933da1578>
#<MagicData:0x007fe933da0f60>
#<MagicData:0x007fe933da0948>
#<MagicData:0x007fe933da0330>
#<MagicData:0x007fe933d9fd18>
#<MagicData:0x007fe933d9f700>
#<MagicData:0x007fe933daa650>
#<MagicData:0x007fe933daa038>
#<MagicData:0x007fe933da99a8>
#<MagicData:0x007fe933da9340>
#<MagicData:0x007fe933da8d28>
#<MagicData:0x007fe933da8440>
#<MagicData:0x007fe933da7748>
#<MagicData:0x007fe933da7108>
#<MagicData:0x007fe933da6af0>
#<MagicData:0x007fe933dbec90>
#<MagicData:0x007fe933dbe588>
#<MagicData:0x007fe933dbdf70>
#<MagicData:0x007fe933dbd958>
#<MagicData:0x007fe933dbd2f0>
#<MagicData:0x007fe933dbc648>
#<MagicData:0x007ff6836faeb0>
#<MagicData:0x007f866cb2e568>
#<MagicData:0x007feb65b1d3e0>
#<MagicData:0x007fcca4907270>
#<MagicData:0x007ff50b073020>
#<MagicData:0x007fbd30be16b8>
INSTANCE	i-210e8841	running	stopping
#<MagicData:0x007fb9e519e7d0>
#<MagicData:0x007f9aa52d1ff8>
#<MagicData:0x007f9832d1f5c0>
#<MagicData:0x007fb2fac3fd70>
#<MagicData:0x007f8fd69204d8>
#<MagicData:0x007fedece35468>
#<MagicData:0x007feded9f78f0>
#<MagicData:0x007f880d841b50>
#<MagicData:0x007f880d9f2080>
#<MagicData:0x007fe9d4f18298>
#<MagicData:0x007fe9d9930790>
#<MagicData:0x007fe9d9930150>
#<MagicData:0x007ff181c11bd0>
#<MagicData:0x007ff181e06b70>
#<MagicData:0x007ff181e064e0>
#<MagicData:0x007ff181e05e78>
#<MagicData:0x007feba0c2ed98>
#<MagicData:0x007feba0e24b70>
#<MagicData:0x007feba0e244e0>
#<MagicData:0x007feba0e23e78>
INSTANCE	i-f8211b94	running	stopping
#<MagicData:0x007fd51c634d10>
#<MagicData:0x007fd51d1f7288>
#<MagicData:0x007fd51d1f6bd0>
#<MagicData:0x007fd51d1f6590>
INSTANCE	i-84a412e1	running	stopping
#<MagicData:0x007fe2534bb710>
#<MagicData:0x007fe2535bdc80>
#<MagicData:0x007fe2535bd5c8>
#<MagicData:0x007fe2535bcf88>
#<MagicData:0x007ff75bd31468>
#<MagicData:0x007ff75b1dd080>
#<MagicData:0x007ff75b1e41c8>
#<MagicData:0x007ff75b1e32f0>
